[0.012s] Invoking command in '/home/shrey/workspace/Inf2_MCT_Prak/INTP/ros2_ws/build/turtlesim': CMAKE_PREFIX_PATH=${CMAKE_PREFIX_PATH}:/opt/ros/jazzy DEBUGINFOD_URLS=https://debuginfod.ubuntu.com /usr/bin/cmake /home/shrey/workspace/Inf2_MCT_Prak/INTP/ros2_ws/src/ros_tutorials/turtlesim -DCMAKE_INSTALL_PREFIX=/home/shrey/workspace/Inf2_MCT_Prak/INTP/ros2_ws/install/turtlesim
[0.168s] -- The C compiler identification is GNU 13.2.0
[0.669s] -- The CXX compiler identification is GNU 13.2.0
[1.102s] -- Detecting C compiler ABI info
[1.263s] -- Detecting C compiler ABI info - done
[1.268s] -- Check for working C compiler: /usr/bin/cc - skipped
[1.269s] -- Detecting C compile features
[1.270s] -- Detecting C compile features - done
[1.328s] -- Detecting CXX compiler ABI info
[1.499s] -- Detecting CXX compiler ABI info - done
[1.505s] -- Check for working CXX compiler: /usr/bin/c++ - skipped
[1.505s] -- Detecting CXX compile features
[1.506s] -- Detecting CXX compile features - done
[1.513s] -- Found ament_cmake: 2.5.2 (/opt/ros/jazzy/share/ament_cmake/cmake)
[1.605s] -- Found Python3: /usr/bin/python3 (found version "3.12.3") found components: Interpreter 
[1.690s] -- Found ament_index_cpp: 1.8.1 (/opt/ros/jazzy/share/ament_index_cpp/cmake)
[1.693s] -- Found geometry_msgs: 5.3.5 (/opt/ros/jazzy/share/geometry_msgs/cmake)
[1.845s] -- Found rosidl_generator_c: 4.6.4 (/opt/ros/jazzy/share/rosidl_generator_c/cmake)
[1.858s] -- Found rosidl_generator_cpp: 4.6.4 (/opt/ros/jazzy/share/rosidl_generator_cpp/cmake)
[1.875s] -- Using all available rosidl_typesupport_c: rosidl_typesupport_fastrtps_c;rosidl_typesupport_introspection_c
[1.892s] -- Using all available rosidl_typesupport_cpp: rosidl_typesupport_fastrtps_cpp;rosidl_typesupport_introspection_cpp
[2.016s] -- Found rcl_interfaces: 2.0.2 (/opt/ros/jazzy/share/rcl_interfaces/cmake)
[2.050s] -- Found rclcpp: 28.1.5 (/opt/ros/jazzy/share/rclcpp/cmake)
[2.071s] -- Found rmw_implementation_cmake: 7.3.1 (/opt/ros/jazzy/share/rmw_implementation_cmake/cmake)
[2.074s] -- Found rmw_fastrtps_cpp: 8.4.1 (/opt/ros/jazzy/share/rmw_fastrtps_cpp/cmake)
[2.133s] -- Found OpenSSL: /usr/lib/x86_64-linux-gnu/libcrypto.so (found version "3.0.13")  
[2.265s] -- Found FastRTPS: /opt/ros/jazzy/include (Required is at least version "2.13") 
[2.340s] -- Using RMW implementation 'rmw_fastrtps_cpp' as default
[2.492s] -- Found rclcpp_action: 28.1.5 (/opt/ros/jazzy/share/rclcpp_action/cmake)
[2.534s] -- Found rosidl_default_generators: 1.6.0 (/opt/ros/jazzy/share/rosidl_default_generators/cmake)
[2.548s] -- Found rosidl_adapter: 4.6.4 (/opt/ros/jazzy/share/rosidl_adapter/cmake)
[2.553s] -- Found std_srvs: 5.3.5 (/opt/ros/jazzy/share/std_srvs/cmake)
[3.023s] -- Found ament_cmake_ros: 0.12.0 (/opt/ros/jazzy/share/ament_cmake_ros/cmake)
[3.491s] -- Using all available rosidl_typesupport_c: rosidl_typesupport_fastrtps_c;rosidl_typesupport_introspection_c
[3.689s] -- Using all available rosidl_typesupport_cpp: rosidl_typesupport_fastrtps_cpp;rosidl_typesupport_introspection_cpp
[3.692s] -- Found python_cmake_module: 0.11.1 (/opt/ros/jazzy/share/python_cmake_module/cmake)
[3.789s] -- Found PythonExtra: /usr/bin/python3  
[4.108s] -- Found Python3: /usr/bin/python3 (found version "3.12.3") found components: Interpreter Development NumPy Development.Module Development.Embed 
[4.139s] -- Found ament_lint_auto: 0.17.1 (/opt/ros/jazzy/share/ament_lint_auto/cmake)
[4.161s] -- Added test 'copyright' to check source files copyright and LICENSE
[4.163s] -- Added test 'cppcheck' to perform static code analysis on C / C++ code
[4.164s] -- Configured cppcheck include dirs: /home/shrey/workspace/Inf2_MCT_Prak/INTP/ros2_ws/src/ros_tutorials/turtlesim/include
[4.164s] -- Configured cppcheck exclude dirs and/or files: 
[4.165s] -- Added test 'cpplint' to check C / C++ code against the Google style
[4.165s] -- Configured cpplint exclude dirs and/or files: 
[4.166s] -- Added test 'flake8' to check Python code syntax and style conventions
[4.166s] -- Configured 'flake8' exclude dirs and/or files: 
[4.166s] -- Added test 'lint_cmake' to check CMake code style
[4.167s] -- Added test 'pep257' to check Python code against some of the docstring style conventions in PEP 257
[4.168s] -- Added test 'uncrustify' to check C / C++ code style
[4.168s] -- Configured uncrustify additional arguments: 
[4.169s] -- Added test 'xmllint' to check XML markup files
[4.171s] -- Configuring done (4.1s)
[4.225s] -- Generating done (0.0s)
[4.227s] -- Build files have been written to: /home/shrey/workspace/Inf2_MCT_Prak/INTP/ros2_ws/build/turtlesim
[4.237s] Invoked command in '/home/shrey/workspace/Inf2_MCT_Prak/INTP/ros2_ws/build/turtlesim' returned '0': CMAKE_PREFIX_PATH=${CMAKE_PREFIX_PATH}:/opt/ros/jazzy DEBUGINFOD_URLS=https://debuginfod.ubuntu.com /usr/bin/cmake /home/shrey/workspace/Inf2_MCT_Prak/INTP/ros2_ws/src/ros_tutorials/turtlesim -DCMAKE_INSTALL_PREFIX=/home/shrey/workspace/Inf2_MCT_Prak/INTP/ros2_ws/install/turtlesim
[4.238s] Invoking command in '/home/shrey/workspace/Inf2_MCT_Prak/INTP/ros2_ws/build/turtlesim': CMAKE_PREFIX_PATH=${CMAKE_PREFIX_PATH}:/opt/ros/jazzy DEBUGINFOD_URLS=https://debuginfod.ubuntu.com /usr/bin/cmake --build /home/shrey/workspace/Inf2_MCT_Prak/INTP/ros2_ws/build/turtlesim -- -j12 -l12
[4.273s] [  0%] [34m[1mGenerating type hashes for ROS interfaces[0m
[4.280s] [  0%] Built target ament_cmake_python_copy_turtlesim
[4.431s] running egg_info
[4.432s] creating turtlesim.egg-info
[4.446s] writing turtlesim.egg-info/PKG-INFO
[4.446s] writing dependency_links to turtlesim.egg-info/dependency_links.txt
[4.446s] writing top-level names to turtlesim.egg-info/top_level.txt
[4.446s] writing manifest file 'turtlesim.egg-info/SOURCES.txt'
[4.487s] reading manifest file 'turtlesim.egg-info/SOURCES.txt'
[4.487s] writing manifest file 'turtlesim.egg-info/SOURCES.txt'
[4.510s] [  0%] Built target ament_cmake_python_build_turtlesim_egg
[4.516s] [  0%] Built target turtlesim__rosidl_generator_type_description
[4.522s] [  1%] [34m[1mGenerating C code for ROS interfaces[0m
[4.527s] [  2%] [34m[1mGenerating C++ code for ROS interfaces[0m
[5.146s] [  2%] Built target turtlesim__cpp
[5.252s] [  4%] [32mBuilding C object CMakeFiles/turtlesim__rosidl_generator_c.dir/rosidl_generator_c/turtlesim/action/detail/rotate_absolute__functions.c.o[0m
[5.252s] [  4%] [32mBuilding C object CMakeFiles/turtlesim__rosidl_generator_c.dir/rosidl_generator_c/turtlesim/action/detail/rotate_absolute__description.c.o[0m
[5.252s] [  5%] [32mBuilding C object CMakeFiles/turtlesim__rosidl_generator_c.dir/rosidl_generator_c/turtlesim/action/detail/rotate_absolute__type_support.c.o[0m
[5.253s] [  6%] [32mBuilding C object CMakeFiles/turtlesim__rosidl_generator_c.dir/rosidl_generator_c/turtlesim/msg/detail/color__functions.c.o[0m
[5.253s] [  7%] [32mBuilding C object CMakeFiles/turtlesim__rosidl_generator_c.dir/rosidl_generator_c/turtlesim/msg/detail/color__description.c.o[0m
[5.253s] [  7%] [32mBuilding C object CMakeFiles/turtlesim__rosidl_generator_c.dir/rosidl_generator_c/turtlesim/msg/detail/color__type_support.c.o[0m
[5.253s] [  8%] [32mBuilding C object CMakeFiles/turtlesim__rosidl_generator_c.dir/rosidl_generator_c/turtlesim/msg/detail/pose__description.c.o[0m
[5.253s] [  9%] [32mBuilding C object CMakeFiles/turtlesim__rosidl_generator_c.dir/rosidl_generator_c/turtlesim/msg/detail/pose__functions.c.o[0m
[5.254s] [ 10%] [32mBuilding C object CMakeFiles/turtlesim__rosidl_generator_c.dir/rosidl_generator_c/turtlesim/msg/detail/pose__type_support.c.o[0m
[5.254s] [ 11%] [32mBuilding C object CMakeFiles/turtlesim__rosidl_generator_c.dir/rosidl_generator_c/turtlesim/srv/detail/kill__functions.c.o[0m
[5.254s] [ 12%] [32mBuilding C object CMakeFiles/turtlesim__rosidl_generator_c.dir/rosidl_generator_c/turtlesim/srv/detail/kill__type_support.c.o[0m
[5.255s] [ 13%] [32mBuilding C object CMakeFiles/turtlesim__rosidl_generator_c.dir/rosidl_generator_c/turtlesim/srv/detail/kill__description.c.o[0m
[5.297s] [ 14%] [32mBuilding C object CMakeFiles/turtlesim__rosidl_generator_c.dir/rosidl_generator_c/turtlesim/srv/detail/set_pen__functions.c.o[0m
[5.297s] [ 14%] [32mBuilding C object CMakeFiles/turtlesim__rosidl_generator_c.dir/rosidl_generator_c/turtlesim/srv/detail/set_pen__description.c.o[0m
[5.308s] [ 16%] [32mBuilding C object CMakeFiles/turtlesim__rosidl_generator_c.dir/rosidl_generator_c/turtlesim/srv/detail/spawn__description.c.o[0m
[5.308s] [ 16%] [32mBuilding C object CMakeFiles/turtlesim__rosidl_generator_c.dir/rosidl_generator_c/turtlesim/srv/detail/set_pen__type_support.c.o[0m
[5.312s] [ 17%] [32mBuilding C object CMakeFiles/turtlesim__rosidl_generator_c.dir/rosidl_generator_c/turtlesim/srv/detail/spawn__functions.c.o[0m
[5.317s] [ 18%] [32mBuilding C object CMakeFiles/turtlesim__rosidl_generator_c.dir/rosidl_generator_c/turtlesim/srv/detail/spawn__type_support.c.o[0m
[5.325s] [ 19%] [32mBuilding C object CMakeFiles/turtlesim__rosidl_generator_c.dir/rosidl_generator_c/turtlesim/srv/detail/teleport_absolute__description.c.o[0m
[5.326s] [ 20%] [32mBuilding C object CMakeFiles/turtlesim__rosidl_generator_c.dir/rosidl_generator_c/turtlesim/srv/detail/teleport_absolute__functions.c.o[0m
[5.326s] [ 20%] [32mBuilding C object CMakeFiles/turtlesim__rosidl_generator_c.dir/rosidl_generator_c/turtlesim/srv/detail/teleport_absolute__type_support.c.o[0m
[5.341s] [ 21%] [32mBuilding C object CMakeFiles/turtlesim__rosidl_generator_c.dir/rosidl_generator_c/turtlesim/srv/detail/teleport_relative__description.c.o[0m
[5.348s] [ 22%] [32mBuilding C object CMakeFiles/turtlesim__rosidl_generator_c.dir/rosidl_generator_c/turtlesim/srv/detail/teleport_relative__functions.c.o[0m
[5.353s] [ 23%] [32mBuilding C object CMakeFiles/turtlesim__rosidl_generator_c.dir/rosidl_generator_c/turtlesim/srv/detail/teleport_relative__type_support.c.o[0m
[5.423s] [ 24%] [32m[1mLinking C shared library libturtlesim__rosidl_generator_c.so[0m
[5.505s] [ 24%] Built target turtlesim__rosidl_generator_c
[5.511s] [ 25%] [34m[1mGenerating C++ type support dispatch for ROS interfaces[0m
[5.512s] [ 26%] [34m[1mGenerating C type support for eProsima Fast-RTPS[0m
[5.512s] [ 27%] [34m[1mGenerating C++ type support for eProsima Fast-RTPS[0m
[5.512s] [ 28%] [34m[1mGenerating C introspection for ROS interfaces[0m
[5.512s] [ 29%] [34m[1mGenerating C type support dispatch for ROS interfaces[0m
[5.514s] [ 29%] [34m[1mGenerating C++ introspection for ROS interfaces[0m
[5.929s] [ 29%] [32mBuilding CXX object CMakeFiles/turtlesim__rosidl_typesupport_c.dir/rosidl_typesupport_c/turtlesim/srv/spawn__type_support.cpp.o[0m
[5.929s] [ 30%] [32mBuilding CXX object CMakeFiles/turtlesim__rosidl_typesupport_c.dir/rosidl_typesupport_c/turtlesim/action/rotate_absolute__type_support.cpp.o[0m
[5.929s] [ 31%] [32mBuilding CXX object CMakeFiles/turtlesim__rosidl_typesupport_c.dir/rosidl_typesupport_c/turtlesim/msg/color__type_support.cpp.o[0m
[5.929s] [ 33%] [32mBuilding CXX object CMakeFiles/turtlesim__rosidl_typesupport_c.dir/rosidl_typesupport_c/turtlesim/srv/kill__type_support.cpp.o[0m
[5.930s] [ 34%] [32mBuilding CXX object CMakeFiles/turtlesim__rosidl_typesupport_c.dir/rosidl_typesupport_c/turtlesim/srv/set_pen__type_support.cpp.o[0m
[5.930s] [ 33%] [32mBuilding CXX object CMakeFiles/turtlesim__rosidl_typesupport_c.dir/rosidl_typesupport_c/turtlesim/msg/pose__type_support.cpp.o[0m
[5.933s] [ 35%] [32mBuilding CXX object CMakeFiles/turtlesim__rosidl_typesupport_c.dir/rosidl_typesupport_c/turtlesim/srv/teleport_absolute__type_support.cpp.o[0m
[5.944s] [ 36%] [32mBuilding CXX object CMakeFiles/turtlesim__rosidl_typesupport_cpp.dir/rosidl_typesupport_cpp/turtlesim/action/rotate_absolute__type_support.cpp.o[0m
[5.983s] [ 37%] [32mBuilding CXX object CMakeFiles/turtlesim__rosidl_typesupport_c.dir/rosidl_typesupport_c/turtlesim/srv/teleport_relative__type_support.cpp.o[0m
[5.984s] [ 38%] [32mBuilding CXX object CMakeFiles/turtlesim__rosidl_typesupport_cpp.dir/rosidl_typesupport_cpp/turtlesim/msg/color__type_support.cpp.o[0m
[5.986s] [ 39%] [32mBuilding CXX object CMakeFiles/turtlesim__rosidl_typesupport_cpp.dir/rosidl_typesupport_cpp/turtlesim/msg/pose__type_support.cpp.o[0m
[5.987s] [ 40%] [32mBuilding CXX object CMakeFiles/turtlesim__rosidl_typesupport_cpp.dir/rosidl_typesupport_cpp/turtlesim/srv/set_pen__type_support.cpp.o[0m
[5.989s] [ 41%] [32mBuilding CXX object CMakeFiles/turtlesim__rosidl_typesupport_cpp.dir/rosidl_typesupport_cpp/turtlesim/srv/spawn__type_support.cpp.o[0m
[5.992s] [ 41%] [32mBuilding CXX object CMakeFiles/turtlesim__rosidl_typesupport_cpp.dir/rosidl_typesupport_cpp/turtlesim/srv/kill__type_support.cpp.o[0m
[6.009s] [ 42%] [32mBuilding CXX object CMakeFiles/turtlesim__rosidl_typesupport_cpp.dir/rosidl_typesupport_cpp/turtlesim/srv/teleport_absolute__type_support.cpp.o[0m
[6.037s] [ 43%] [32m[1mLinking CXX shared library libturtlesim__rosidl_typesupport_c.so[0m
[6.179s] [ 43%] Built target turtlesim__rosidl_typesupport_c
[6.201s] [ 44%] [32mBuilding CXX object CMakeFiles/turtlesim__rosidl_typesupport_cpp.dir/rosidl_typesupport_cpp/turtlesim/srv/teleport_relative__type_support.cpp.o[0m
[6.210s] [ 45%] [32mBuilding CXX object CMakeFiles/turtlesim__rosidl_typesupport_introspection_cpp.dir/rosidl_typesupport_introspection_cpp/turtlesim/action/detail/rotate_absolute__type_support.cpp.o[0m
[6.228s] [ 46%] [32mBuilding C object CMakeFiles/turtlesim__rosidl_typesupport_introspection_c.dir/rosidl_typesupport_introspection_c/turtlesim/action/detail/rotate_absolute__type_support.c.o[0m
[6.312s] [ 47%] [32mBuilding C object CMakeFiles/turtlesim__rosidl_typesupport_introspection_c.dir/rosidl_typesupport_introspection_c/turtlesim/msg/detail/color__type_support.c.o[0m
[6.360s] [ 47%] [32mBuilding C object CMakeFiles/turtlesim__rosidl_typesupport_introspection_c.dir/rosidl_typesupport_introspection_c/turtlesim/msg/detail/pose__type_support.c.o[0m
[6.368s] [ 48%] [32mBuilding CXX object CMakeFiles/turtlesim__rosidl_typesupport_introspection_cpp.dir/rosidl_typesupport_introspection_cpp/turtlesim/msg/detail/color__type_support.cpp.o[0m
[6.373s] [ 49%] [32mBuilding C object CMakeFiles/turtlesim__rosidl_typesupport_introspection_c.dir/rosidl_typesupport_introspection_c/turtlesim/srv/detail/kill__type_support.c.o[0m
[6.401s] [ 50%] [32mBuilding C object CMakeFiles/turtlesim__rosidl_typesupport_introspection_c.dir/rosidl_typesupport_introspection_c/turtlesim/srv/detail/set_pen__type_support.c.o[0m
[6.426s] [ 51%] [32mBuilding C object CMakeFiles/turtlesim__rosidl_typesupport_introspection_c.dir/rosidl_typesupport_introspection_c/turtlesim/srv/detail/spawn__type_support.c.o[0m
[6.459s] [ 52%] [32mBuilding C object CMakeFiles/turtlesim__rosidl_typesupport_introspection_c.dir/rosidl_typesupport_introspection_c/turtlesim/srv/detail/teleport_absolute__type_support.c.o[0m
[6.482s] [ 53%] [32mBuilding CXX object CMakeFiles/turtlesim__rosidl_typesupport_introspection_cpp.dir/rosidl_typesupport_introspection_cpp/turtlesim/msg/detail/pose__type_support.cpp.o[0m
[6.482s] [ 54%] [32mBuilding C object CMakeFiles/turtlesim__rosidl_typesupport_introspection_c.dir/rosidl_typesupport_introspection_c/turtlesim/srv/detail/teleport_relative__type_support.c.o[0m
[6.485s] [ 55%] [32mBuilding CXX object CMakeFiles/turtlesim__rosidl_typesupport_introspection_cpp.dir/rosidl_typesupport_introspection_cpp/turtlesim/srv/detail/kill__type_support.cpp.o[0m
[6.488s] [ 56%] [32mBuilding CXX object CMakeFiles/turtlesim__rosidl_typesupport_introspection_cpp.dir/rosidl_typesupport_introspection_cpp/turtlesim/srv/detail/set_pen__type_support.cpp.o[0m
[6.517s] [ 57%] [32mBuilding CXX object CMakeFiles/turtlesim__rosidl_typesupport_introspection_cpp.dir/rosidl_typesupport_introspection_cpp/turtlesim/srv/detail/spawn__type_support.cpp.o[0m
[6.522s] [ 57%] [32mBuilding CXX object CMakeFiles/turtlesim__rosidl_typesupport_introspection_cpp.dir/rosidl_typesupport_introspection_cpp/turtlesim/srv/detail/teleport_absolute__type_support.cpp.o[0m
[6.534s] [ 58%] [32m[1mLinking C shared library libturtlesim__rosidl_typesupport_introspection_c.so[0m
[6.654s] [ 58%] Built target turtlesim__rosidl_typesupport_introspection_c
[6.693s] [ 59%] [32mBuilding CXX object CMakeFiles/turtlesim__rosidl_typesupport_fastrtps_cpp.dir/rosidl_typesupport_fastrtps_cpp/turtlesim/action/detail/dds_fastrtps/rotate_absolute__type_support.cpp.o[0m
[6.694s] [ 60%] [32mBuilding CXX object CMakeFiles/turtlesim__rosidl_typesupport_introspection_cpp.dir/rosidl_typesupport_introspection_cpp/turtlesim/srv/detail/teleport_relative__type_support.cpp.o[0m
[6.700s] [ 61%] [32mBuilding CXX object CMakeFiles/turtlesim__rosidl_typesupport_fastrtps_cpp.dir/rosidl_typesupport_fastrtps_cpp/turtlesim/msg/detail/dds_fastrtps/color__type_support.cpp.o[0m
[6.726s] [ 61%] [32mBuilding CXX object CMakeFiles/turtlesim__rosidl_typesupport_fastrtps_c.dir/rosidl_typesupport_fastrtps_c/turtlesim/action/detail/rotate_absolute__type_support_c.cpp.o[0m
[6.728s] [ 62%] [32mBuilding CXX object CMakeFiles/turtlesim__rosidl_typesupport_fastrtps_cpp.dir/rosidl_typesupport_fastrtps_cpp/turtlesim/msg/detail/dds_fastrtps/pose__type_support.cpp.o[0m
[6.831s] [ 63%] [32m[1mLinking CXX shared library libturtlesim__rosidl_typesupport_cpp.so[0m
[6.834s] [ 64%] [32mBuilding CXX object CMakeFiles/turtlesim__rosidl_typesupport_fastrtps_c.dir/rosidl_typesupport_fastrtps_c/turtlesim/msg/detail/color__type_support_c.cpp.o[0m
[6.995s] [ 65%] [32mBuilding CXX object CMakeFiles/turtlesim__rosidl_typesupport_fastrtps_c.dir/rosidl_typesupport_fastrtps_c/turtlesim/msg/detail/pose__type_support_c.cpp.o[0m
[7.008s] [ 66%] [32mBuilding CXX object CMakeFiles/turtlesim__rosidl_typesupport_fastrtps_c.dir/rosidl_typesupport_fastrtps_c/turtlesim/srv/detail/kill__type_support_c.cpp.o[0m
[7.054s] [ 66%] Built target turtlesim__rosidl_typesupport_cpp
[7.071s] [ 67%] [34m[1mGenerating include/turtlesim/moc_turtle_frame.cpp[0m
[7.084s] [ 68%] [32mBuilding CXX object CMakeFiles/turtle_teleop_key.dir/tutorials/teleop_turtle_key.cpp.o[0m
[7.092s] [ 68%] [32mBuilding CXX object CMakeFiles/draw_square.dir/tutorials/draw_square.cpp.o[0m
[7.138s] [ 69%] [32mBuilding CXX object CMakeFiles/mimic.dir/tutorials/mimic.cpp.o[0m
[7.220s] [ 70%] [32mBuilding CXX object CMakeFiles/turtlesim_node.dir/src/turtlesim.cpp.o[0m
[7.246s] [ 71%] [32m[1mLinking CXX shared library libturtlesim__rosidl_typesupport_introspection_cpp.so[0m
[7.291s] [ 72%] [32mBuilding CXX object CMakeFiles/turtlesim__rosidl_typesupport_fastrtps_cpp.dir/rosidl_typesupport_fastrtps_cpp/turtlesim/srv/detail/dds_fastrtps/kill__type_support.cpp.o[0m
[7.297s] [ 72%] [32mBuilding CXX object CMakeFiles/turtlesim__rosidl_typesupport_fastrtps_cpp.dir/rosidl_typesupport_fastrtps_cpp/turtlesim/srv/detail/dds_fastrtps/set_pen__type_support.cpp.o[0m
[7.390s] [ 73%] [32mBuilding CXX object CMakeFiles/turtlesim__rosidl_typesupport_fastrtps_c.dir/rosidl_typesupport_fastrtps_c/turtlesim/srv/detail/set_pen__type_support_c.cpp.o[0m
[7.454s] [ 73%] Built target turtlesim__rosidl_typesupport_introspection_cpp
[7.461s] [ 74%] [32mBuilding CXX object CMakeFiles/turtlesim__rosidl_typesupport_fastrtps_c.dir/rosidl_typesupport_fastrtps_c/turtlesim/srv/detail/spawn__type_support_c.cpp.o[0m
[7.479s] [ 75%] [32mBuilding CXX object CMakeFiles/turtlesim__rosidl_typesupport_fastrtps_c.dir/rosidl_typesupport_fastrtps_c/turtlesim/srv/detail/teleport_absolute__type_support_c.cpp.o[0m
[7.511s] [ 75%] [32mBuilding CXX object CMakeFiles/turtlesim__rosidl_typesupport_fastrtps_c.dir/rosidl_typesupport_fastrtps_c/turtlesim/srv/detail/teleport_relative__type_support_c.cpp.o[0m
[7.594s] [ 76%] [32mBuilding CXX object CMakeFiles/turtlesim__rosidl_typesupport_fastrtps_cpp.dir/rosidl_typesupport_fastrtps_cpp/turtlesim/srv/detail/dds_fastrtps/spawn__type_support.cpp.o[0m
[7.958s] [ 77%] [32mBuilding CXX object CMakeFiles/turtlesim__rosidl_typesupport_fastrtps_cpp.dir/rosidl_typesupport_fastrtps_cpp/turtlesim/srv/detail/dds_fastrtps/teleport_absolute__type_support.cpp.o[0m
[7.973s] [ 78%] [32mBuilding CXX object CMakeFiles/turtlesim__rosidl_typesupport_fastrtps_cpp.dir/rosidl_typesupport_fastrtps_cpp/turtlesim/srv/detail/dds_fastrtps/teleport_relative__type_support.cpp.o[0m
[7.997s] [ 79%] [32mBuilding CXX object CMakeFiles/turtlesim_node.dir/src/turtle.cpp.o[0m
[8.025s] [ 80%] [32mBuilding CXX object CMakeFiles/turtlesim_node.dir/src/turtle_frame.cpp.o[0m
[8.049s] [ 80%] [32mBuilding CXX object CMakeFiles/turtlesim_node.dir/include/turtlesim/moc_turtle_frame.cpp.o[0m
[8.105s] [ 81%] [32m[1mLinking CXX shared library libturtlesim__rosidl_typesupport_fastrtps_c.so[0m
[8.266s] [ 81%] Built target turtlesim__rosidl_typesupport_fastrtps_c
[8.658s] [ 82%] [32m[1mLinking CXX shared library libturtlesim__rosidl_typesupport_fastrtps_cpp.so[0m
[8.797s] [ 82%] Built target turtlesim__rosidl_typesupport_fastrtps_cpp
[8.812s] [ 82%] Built target turtlesim
[8.826s] [ 82%] [34m[1mGenerating Python code for ROS interfaces[0m
[10.396s] [ 82%] Built target turtlesim__py
[10.410s] [ 83%] [32mBuilding C object CMakeFiles/turtlesim__rosidl_generator_py.dir/rosidl_generator_py/turtlesim/msg/_color_s.c.o[0m
[10.410s] [ 84%] [32mBuilding C object CMakeFiles/turtlesim__rosidl_generator_py.dir/rosidl_generator_py/turtlesim/msg/_pose_s.c.o[0m
[10.411s] [ 84%] [32mBuilding C object CMakeFiles/turtlesim__rosidl_generator_py.dir/rosidl_generator_py/turtlesim/action/_rotate_absolute_s.c.o[0m
[10.411s] [ 85%] [32mBuilding C object CMakeFiles/turtlesim__rosidl_generator_py.dir/rosidl_generator_py/turtlesim/srv/_kill_s.c.o[0m
[10.415s] [ 86%] [32mBuilding C object CMakeFiles/turtlesim__rosidl_generator_py.dir/rosidl_generator_py/turtlesim/srv/_set_pen_s.c.o[0m
[10.598s] [ 87%] [32mBuilding C object CMakeFiles/turtlesim__rosidl_generator_py.dir/rosidl_generator_py/turtlesim/srv/_spawn_s.c.o[0m
[10.599s] [ 88%] [32mBuilding C object CMakeFiles/turtlesim__rosidl_generator_py.dir/rosidl_generator_py/turtlesim/srv/_teleport_absolute_s.c.o[0m
[10.622s] [ 89%] [32mBuilding C object CMakeFiles/turtlesim__rosidl_generator_py.dir/rosidl_generator_py/turtlesim/srv/_teleport_relative_s.c.o[0m
[10.775s] [ 90%] [32m[1mLinking C shared library libturtlesim__rosidl_generator_py.so[0m
[10.907s] [ 90%] Built target turtlesim__rosidl_generator_py
[10.922s] [ 92%] [32mBuilding C object CMakeFiles/turtlesim_s__rosidl_typesupport_c.dir/rosidl_generator_py/turtlesim/_turtlesim_s.ep.rosidl_typesupport_c.c.o[0m
[10.922s] [ 92%] [32mBuilding C object CMakeFiles/turtlesim_s__rosidl_typesupport_fastrtps_c.dir/rosidl_generator_py/turtlesim/_turtlesim_s.ep.rosidl_typesupport_fastrtps_c.c.o[0m
[10.922s] [ 93%] [32mBuilding C object CMakeFiles/turtlesim_s__rosidl_typesupport_introspection_c.dir/rosidl_generator_py/turtlesim/_turtlesim_s.ep.rosidl_typesupport_introspection_c.c.o[0m
[11.155s] [ 94%] [32m[1mLinking C shared module rosidl_generator_py/turtlesim/turtlesim_s__rosidl_typesupport_fastrtps_c.so[0m
[11.163s] [ 95%] [32m[1mLinking C shared module rosidl_generator_py/turtlesim/turtlesim_s__rosidl_typesupport_c.so[0m
[11.163s] [ 96%] [32m[1mLinking C shared module rosidl_generator_py/turtlesim/turtlesim_s__rosidl_typesupport_introspection_c.so[0m
[11.263s] [ 96%] Built target turtlesim_s__rosidl_typesupport_introspection_c
[11.265s] [ 96%] Built target turtlesim_s__rosidl_typesupport_fastrtps_c
[11.265s] [ 96%] Built target turtlesim_s__rosidl_typesupport_c
[13.600s] [ 97%] [32m[1mLinking CXX executable turtle_teleop_key[0m
[13.875s] [ 97%] Built target turtle_teleop_key
[15.598s] [ 98%] [32m[1mLinking CXX executable mimic[0m
[15.862s] [ 98%] Built target mimic
[16.067s] [ 99%] [32m[1mLinking CXX executable draw_square[0m
[16.358s] [ 99%] Built target draw_square
[19.335s] [100%] [32m[1mLinking CXX executable turtlesim_node[0m
[20.504s] [100%] Built target turtlesim_node
[20.512s] Invoked command in '/home/shrey/workspace/Inf2_MCT_Prak/INTP/ros2_ws/build/turtlesim' returned '0': CMAKE_PREFIX_PATH=${CMAKE_PREFIX_PATH}:/opt/ros/jazzy DEBUGINFOD_URLS=https://debuginfod.ubuntu.com /usr/bin/cmake --build /home/shrey/workspace/Inf2_MCT_Prak/INTP/ros2_ws/build/turtlesim -- -j12 -l12
[20.654s] Invoking command in '/home/shrey/workspace/Inf2_MCT_Prak/INTP/ros2_ws/build/turtlesim': CMAKE_PREFIX_PATH=${CMAKE_PREFIX_PATH}:/opt/ros/jazzy DEBUGINFOD_URLS=https://debuginfod.ubuntu.com /usr/bin/cmake --install /home/shrey/workspace/Inf2_MCT_Prak/INTP/ros2_ws/build/turtlesim
[20.660s] -- Install configuration: ""
[20.660s] -- Installing: /home/shrey/workspace/Inf2_MCT_Prak/INTP/ros2_ws/install/turtlesim/share/ament_index/resource_index/rosidl_interfaces/turtlesim
[20.660s] -- Installing: /home/shrey/workspace/Inf2_MCT_Prak/INTP/ros2_ws/install/turtlesim/share/turtlesim/action/RotateAbsolute.json
[20.660s] -- Installing: /home/shrey/workspace/Inf2_MCT_Prak/INTP/ros2_ws/install/turtlesim/share/turtlesim/msg/Color.json
[20.660s] -- Installing: /home/shrey/workspace/Inf2_MCT_Prak/INTP/ros2_ws/install/turtlesim/share/turtlesim/msg/Pose.json
[20.660s] -- Installing: /home/shrey/workspace/Inf2_MCT_Prak/INTP/ros2_ws/install/turtlesim/share/turtlesim/srv/Kill.json
[20.660s] -- Installing: /home/shrey/workspace/Inf2_MCT_Prak/INTP/ros2_ws/install/turtlesim/share/turtlesim/srv/SetPen.json
[20.661s] -- Installing: /home/shrey/workspace/Inf2_MCT_Prak/INTP/ros2_ws/install/turtlesim/share/turtlesim/srv/Spawn.json
[20.661s] -- Installing: /home/shrey/workspace/Inf2_MCT_Prak/INTP/ros2_ws/install/turtlesim/share/turtlesim/srv/TeleportAbsolute.json
[20.661s] -- Installing: /home/shrey/workspace/Inf2_MCT_Prak/INTP/ros2_ws/install/turtlesim/share/turtlesim/srv/TeleportRelative.json
[20.661s] -- Installing: /home/shrey/workspace/Inf2_MCT_Prak/INTP/ros2_ws/install/turtlesim/include/turtlesim/turtlesim
[20.661s] -- Installing: /home/shrey/workspace/Inf2_MCT_Prak/INTP/ros2_ws/install/turtlesim/include/turtlesim/turtlesim/srv
[20.661s] -- Installing: /home/shrey/workspace/Inf2_MCT_Prak/INTP/ros2_ws/install/turtlesim/include/turtlesim/turtlesim/srv/kill.h
[20.661s] -- Installing: /home/shrey/workspace/Inf2_MCT_Prak/INTP/ros2_ws/install/turtlesim/include/turtlesim/turtlesim/srv/teleport_absolute.h
[20.661s] -- Installing: /home/shrey/workspace/Inf2_MCT_Prak/INTP/ros2_ws/install/turtlesim/include/turtlesim/turtlesim/srv/spawn.h
[20.662s] -- Installing: /home/shrey/workspace/Inf2_MCT_Prak/INTP/ros2_ws/install/turtlesim/include/turtlesim/turtlesim/srv/set_pen.h
[20.662s] -- Installing: /home/shrey/workspace/Inf2_MCT_Prak/INTP/ros2_ws/install/turtlesim/include/turtlesim/turtlesim/srv/detail
[20.662s] -- Installing: /home/shrey/workspace/Inf2_MCT_Prak/INTP/ros2_ws/install/turtlesim/include/turtlesim/turtlesim/srv/detail/teleport_absolute__functions.h
[20.662s] -- Installing: /home/shrey/workspace/Inf2_MCT_Prak/INTP/ros2_ws/install/turtlesim/include/turtlesim/turtlesim/srv/detail/spawn__type_support.h
[20.662s] -- Installing: /home/shrey/workspace/Inf2_MCT_Prak/INTP/ros2_ws/install/turtlesim/include/turtlesim/turtlesim/srv/detail/teleport_relative__description.c
[20.662s] -- Installing: /home/shrey/workspace/Inf2_MCT_Prak/INTP/ros2_ws/install/turtlesim/include/turtlesim/turtlesim/srv/detail/teleport_relative__type_support.h
[20.662s] -- Installing: /home/shrey/workspace/Inf2_MCT_Prak/INTP/ros2_ws/install/turtlesim/include/turtlesim/turtlesim/srv/detail/set_pen__type_support.c
[20.662s] -- Installing: /home/shrey/workspace/Inf2_MCT_Prak/INTP/ros2_ws/install/turtlesim/include/turtlesim/turtlesim/srv/detail/teleport_absolute__type_support.h
[20.663s] -- Installing: /home/shrey/workspace/Inf2_MCT_Prak/INTP/ros2_ws/install/turtlesim/include/turtlesim/turtlesim/srv/detail/set_pen__struct.h
[20.663s] -- Installing: /home/shrey/workspace/Inf2_MCT_Prak/INTP/ros2_ws/install/turtlesim/include/turtlesim/turtlesim/srv/detail/spawn__type_support.c
[20.663s] -- Installing: /home/shrey/workspace/Inf2_MCT_Prak/INTP/ros2_ws/install/turtlesim/include/turtlesim/turtlesim/srv/detail/kill__struct.h
[20.663s] -- Installing: /home/shrey/workspace/Inf2_MCT_Prak/INTP/ros2_ws/install/turtlesim/include/turtlesim/turtlesim/srv/detail/teleport_relative__functions.h
[20.663s] -- Installing: /home/shrey/workspace/Inf2_MCT_Prak/INTP/ros2_ws/install/turtlesim/include/turtlesim/turtlesim/srv/detail/teleport_absolute__functions.c
[20.663s] -- Installing: /home/shrey/workspace/Inf2_MCT_Prak/INTP/ros2_ws/install/turtlesim/include/turtlesim/turtlesim/srv/detail/teleport_absolute__struct.h
[20.663s] -- Installing: /home/shrey/workspace/Inf2_MCT_Prak/INTP/ros2_ws/install/turtlesim/include/turtlesim/turtlesim/srv/detail/spawn__functions.c
[20.663s] -- Installing: /home/shrey/workspace/Inf2_MCT_Prak/INTP/ros2_ws/install/turtlesim/include/turtlesim/turtlesim/srv/detail/teleport_relative__functions.c
[20.663s] -- Installing: /home/shrey/workspace/Inf2_MCT_Prak/INTP/ros2_ws/install/turtlesim/include/turtlesim/turtlesim/srv/detail/kill__description.c
[20.664s] -- Installing: /home/shrey/workspace/Inf2_MCT_Prak/INTP/ros2_ws/install/turtlesim/include/turtlesim/turtlesim/srv/detail/spawn__description.c
[20.664s] -- Installing: /home/shrey/workspace/Inf2_MCT_Prak/INTP/ros2_ws/install/turtlesim/include/turtlesim/turtlesim/srv/detail/spawn__struct.h
[20.664s] -- Installing: /home/shrey/workspace/Inf2_MCT_Prak/INTP/ros2_ws/install/turtlesim/include/turtlesim/turtlesim/srv/detail/set_pen__description.c
[20.664s] -- Installing: /home/shrey/workspace/Inf2_MCT_Prak/INTP/ros2_ws/install/turtlesim/include/turtlesim/turtlesim/srv/detail/teleport_relative__struct.h
[20.664s] -- Installing: /home/shrey/workspace/Inf2_MCT_Prak/INTP/ros2_ws/install/turtlesim/include/turtlesim/turtlesim/srv/detail/kill__functions.h
[20.664s] -- Installing: /home/shrey/workspace/Inf2_MCT_Prak/INTP/ros2_ws/install/turtlesim/include/turtlesim/turtlesim/srv/detail/kill__type_support.h
[20.664s] -- Installing: /home/shrey/workspace/Inf2_MCT_Prak/INTP/ros2_ws/install/turtlesim/include/turtlesim/turtlesim/srv/detail/teleport_absolute__type_support.c
[20.664s] -- Installing: /home/shrey/workspace/Inf2_MCT_Prak/INTP/ros2_ws/install/turtlesim/include/turtlesim/turtlesim/srv/detail/set_pen__functions.c
[20.665s] -- Installing: /home/shrey/workspace/Inf2_MCT_Prak/INTP/ros2_ws/install/turtlesim/include/turtlesim/turtlesim/srv/detail/teleport_relative__type_support.c
[20.665s] -- Installing: /home/shrey/workspace/Inf2_MCT_Prak/INTP/ros2_ws/install/turtlesim/include/turtlesim/turtlesim/srv/detail/teleport_absolute__description.c
[20.665s] -- Installing: /home/shrey/workspace/Inf2_MCT_Prak/INTP/ros2_ws/install/turtlesim/include/turtlesim/turtlesim/srv/detail/set_pen__type_support.h
[20.665s] -- Installing: /home/shrey/workspace/Inf2_MCT_Prak/INTP/ros2_ws/install/turtlesim/include/turtlesim/turtlesim/srv/detail/set_pen__functions.h
[20.665s] -- Installing: /home/shrey/workspace/Inf2_MCT_Prak/INTP/ros2_ws/install/turtlesim/include/turtlesim/turtlesim/srv/detail/spawn__functions.h
[20.665s] -- Installing: /home/shrey/workspace/Inf2_MCT_Prak/INTP/ros2_ws/install/turtlesim/include/turtlesim/turtlesim/srv/detail/kill__functions.c
[20.665s] -- Installing: /home/shrey/workspace/Inf2_MCT_Prak/INTP/ros2_ws/install/turtlesim/include/turtlesim/turtlesim/srv/detail/kill__type_support.c
[20.665s] -- Installing: /home/shrey/workspace/Inf2_MCT_Prak/INTP/ros2_ws/install/turtlesim/include/turtlesim/turtlesim/srv/teleport_relative.h
[20.665s] -- Installing: /home/shrey/workspace/Inf2_MCT_Prak/INTP/ros2_ws/install/turtlesim/include/turtlesim/turtlesim/msg
[20.666s] -- Installing: /home/shrey/workspace/Inf2_MCT_Prak/INTP/ros2_ws/install/turtlesim/include/turtlesim/turtlesim/msg/pose.h
[20.666s] -- Installing: /home/shrey/workspace/Inf2_MCT_Prak/INTP/ros2_ws/install/turtlesim/include/turtlesim/turtlesim/msg/color.h
[20.666s] -- Installing: /home/shrey/workspace/Inf2_MCT_Prak/INTP/ros2_ws/install/turtlesim/include/turtlesim/turtlesim/msg/rosidl_generator_c__visibility_control.h
[20.666s] -- Installing: /home/shrey/workspace/Inf2_MCT_Prak/INTP/ros2_ws/install/turtlesim/include/turtlesim/turtlesim/msg/detail
[20.666s] -- Installing: /home/shrey/workspace/Inf2_MCT_Prak/INTP/ros2_ws/install/turtlesim/include/turtlesim/turtlesim/msg/detail/pose__functions.h
[20.666s] -- Installing: /home/shrey/workspace/Inf2_MCT_Prak/INTP/ros2_ws/install/turtlesim/include/turtlesim/turtlesim/msg/detail/pose__description.c
[20.667s] -- Installing: /home/shrey/workspace/Inf2_MCT_Prak/INTP/ros2_ws/install/turtlesim/include/turtlesim/turtlesim/msg/detail/pose__struct.h
[20.667s] -- Installing: /home/shrey/workspace/Inf2_MCT_Prak/INTP/ros2_ws/install/turtlesim/include/turtlesim/turtlesim/msg/detail/color__struct.h
[20.667s] -- Installing: /home/shrey/workspace/Inf2_MCT_Prak/INTP/ros2_ws/install/turtlesim/include/turtlesim/turtlesim/msg/detail/color__type_support.c
[20.667s] -- Installing: /home/shrey/workspace/Inf2_MCT_Prak/INTP/ros2_ws/install/turtlesim/include/turtlesim/turtlesim/msg/detail/pose__functions.c
[20.667s] -- Installing: /home/shrey/workspace/Inf2_MCT_Prak/INTP/ros2_ws/install/turtlesim/include/turtlesim/turtlesim/msg/detail/color__description.c
[20.667s] -- Installing: /home/shrey/workspace/Inf2_MCT_Prak/INTP/ros2_ws/install/turtlesim/include/turtlesim/turtlesim/msg/detail/color__functions.h
[20.667s] -- Installing: /home/shrey/workspace/Inf2_MCT_Prak/INTP/ros2_ws/install/turtlesim/include/turtlesim/turtlesim/msg/detail/color__functions.c
[20.667s] -- Installing: /home/shrey/workspace/Inf2_MCT_Prak/INTP/ros2_ws/install/turtlesim/include/turtlesim/turtlesim/msg/detail/color__type_support.h
[20.668s] -- Installing: /home/shrey/workspace/Inf2_MCT_Prak/INTP/ros2_ws/install/turtlesim/include/turtlesim/turtlesim/msg/detail/pose__type_support.h
[20.668s] -- Installing: /home/shrey/workspace/Inf2_MCT_Prak/INTP/ros2_ws/install/turtlesim/include/turtlesim/turtlesim/msg/detail/pose__type_support.c
[20.668s] -- Installing: /home/shrey/workspace/Inf2_MCT_Prak/INTP/ros2_ws/install/turtlesim/include/turtlesim/turtlesim/action
[20.668s] -- Installing: /home/shrey/workspace/Inf2_MCT_Prak/INTP/ros2_ws/install/turtlesim/include/turtlesim/turtlesim/action/rotate_absolute.h
[20.668s] -- Installing: /home/shrey/workspace/Inf2_MCT_Prak/INTP/ros2_ws/install/turtlesim/include/turtlesim/turtlesim/action/detail
[20.668s] -- Installing: /home/shrey/workspace/Inf2_MCT_Prak/INTP/ros2_ws/install/turtlesim/include/turtlesim/turtlesim/action/detail/rotate_absolute__functions.c
[20.668s] -- Installing: /home/shrey/workspace/Inf2_MCT_Prak/INTP/ros2_ws/install/turtlesim/include/turtlesim/turtlesim/action/detail/rotate_absolute__type_support.c
[20.668s] -- Installing: /home/shrey/workspace/Inf2_MCT_Prak/INTP/ros2_ws/install/turtlesim/include/turtlesim/turtlesim/action/detail/rotate_absolute__type_support.h
[20.668s] -- Installing: /home/shrey/workspace/Inf2_MCT_Prak/INTP/ros2_ws/install/turtlesim/include/turtlesim/turtlesim/action/detail/rotate_absolute__functions.h
[20.669s] -- Installing: /home/shrey/workspace/Inf2_MCT_Prak/INTP/ros2_ws/install/turtlesim/include/turtlesim/turtlesim/action/detail/rotate_absolute__description.c
[20.669s] -- Installing: /home/shrey/workspace/Inf2_MCT_Prak/INTP/ros2_ws/install/turtlesim/include/turtlesim/turtlesim/action/detail/rotate_absolute__struct.h
[20.669s] -- Installing: /home/shrey/workspace/Inf2_MCT_Prak/INTP/ros2_ws/install/turtlesim/share/turtlesim/environment/library_path.sh
[20.669s] -- Installing: /home/shrey/workspace/Inf2_MCT_Prak/INTP/ros2_ws/install/turtlesim/share/turtlesim/environment/library_path.dsv
[20.669s] -- Installing: /home/shrey/workspace/Inf2_MCT_Prak/INTP/ros2_ws/install/turtlesim/lib/libturtlesim__rosidl_generator_c.so
[20.669s] -- Set non-toolchain portion of runtime path of "/home/shrey/workspace/Inf2_MCT_Prak/INTP/ros2_ws/install/turtlesim/lib/libturtlesim__rosidl_generator_c.so" to ""
[20.669s] -- Up-to-date: /home/shrey/workspace/Inf2_MCT_Prak/INTP/ros2_ws/install/turtlesim/include/turtlesim/turtlesim
[20.669s] -- Up-to-date: /home/shrey/workspace/Inf2_MCT_Prak/INTP/ros2_ws/install/turtlesim/include/turtlesim/turtlesim/srv
[20.670s] -- Up-to-date: /home/shrey/workspace/Inf2_MCT_Prak/INTP/ros2_ws/install/turtlesim/include/turtlesim/turtlesim/srv/detail
[20.670s] -- Installing: /home/shrey/workspace/Inf2_MCT_Prak/INTP/ros2_ws/install/turtlesim/include/turtlesim/turtlesim/srv/detail/spawn__rosidl_typesupport_fastrtps_c.h
[20.670s] -- Installing: /home/shrey/workspace/Inf2_MCT_Prak/INTP/ros2_ws/install/turtlesim/include/turtlesim/turtlesim/srv/detail/teleport_relative__rosidl_typesupport_fastrtps_c.h
[20.670s] -- Installing: /home/shrey/workspace/Inf2_MCT_Prak/INTP/ros2_ws/install/turtlesim/include/turtlesim/turtlesim/srv/detail/kill__rosidl_typesupport_fastrtps_c.h
[20.670s] -- Installing: /home/shrey/workspace/Inf2_MCT_Prak/INTP/ros2_ws/install/turtlesim/include/turtlesim/turtlesim/srv/detail/teleport_absolute__rosidl_typesupport_fastrtps_c.h
[20.670s] -- Installing: /home/shrey/workspace/Inf2_MCT_Prak/INTP/ros2_ws/install/turtlesim/include/turtlesim/turtlesim/srv/detail/set_pen__rosidl_typesupport_fastrtps_c.h
[20.670s] -- Up-to-date: /home/shrey/workspace/Inf2_MCT_Prak/INTP/ros2_ws/install/turtlesim/include/turtlesim/turtlesim/msg
[20.670s] -- Installing: /home/shrey/workspace/Inf2_MCT_Prak/INTP/ros2_ws/install/turtlesim/include/turtlesim/turtlesim/msg/rosidl_typesupport_fastrtps_c__visibility_control.h
[20.671s] -- Up-to-date: /home/shrey/workspace/Inf2_MCT_Prak/INTP/ros2_ws/install/turtlesim/include/turtlesim/turtlesim/msg/detail
[20.671s] -- Installing: /home/shrey/workspace/Inf2_MCT_Prak/INTP/ros2_ws/install/turtlesim/include/turtlesim/turtlesim/msg/detail/color__rosidl_typesupport_fastrtps_c.h
[20.671s] -- Installing: /home/shrey/workspace/Inf2_MCT_Prak/INTP/ros2_ws/install/turtlesim/include/turtlesim/turtlesim/msg/detail/pose__rosidl_typesupport_fastrtps_c.h
[20.671s] -- Up-to-date: /home/shrey/workspace/Inf2_MCT_Prak/INTP/ros2_ws/install/turtlesim/include/turtlesim/turtlesim/action
[20.671s] -- Up-to-date: /home/shrey/workspace/Inf2_MCT_Prak/INTP/ros2_ws/install/turtlesim/include/turtlesim/turtlesim/action/detail
[20.671s] -- Installing: /home/shrey/workspace/Inf2_MCT_Prak/INTP/ros2_ws/install/turtlesim/include/turtlesim/turtlesim/action/detail/rotate_absolute__rosidl_typesupport_fastrtps_c.h
[20.671s] -- Installing: /home/shrey/workspace/Inf2_MCT_Prak/INTP/ros2_ws/install/turtlesim/lib/libturtlesim__rosidl_typesupport_fastrtps_c.so
[20.671s] -- Set non-toolchain portion of runtime path of "/home/shrey/workspace/Inf2_MCT_Prak/INTP/ros2_ws/install/turtlesim/lib/libturtlesim__rosidl_typesupport_fastrtps_c.so" to ""
[20.671s] -- Up-to-date: /home/shrey/workspace/Inf2_MCT_Prak/INTP/ros2_ws/install/turtlesim/include/turtlesim/turtlesim
[20.671s] -- Up-to-date: /home/shrey/workspace/Inf2_MCT_Prak/INTP/ros2_ws/install/turtlesim/include/turtlesim/turtlesim/srv
[20.672s] -- Installing: /home/shrey/workspace/Inf2_MCT_Prak/INTP/ros2_ws/install/turtlesim/include/turtlesim/turtlesim/srv/teleport_relative.hpp
[20.672s] -- Installing: /home/shrey/workspace/Inf2_MCT_Prak/INTP/ros2_ws/install/turtlesim/include/turtlesim/turtlesim/srv/set_pen.hpp
[20.672s] -- Installing: /home/shrey/workspace/Inf2_MCT_Prak/INTP/ros2_ws/install/turtlesim/include/turtlesim/turtlesim/srv/teleport_absolute.hpp
[20.672s] -- Installing: /home/shrey/workspace/Inf2_MCT_Prak/INTP/ros2_ws/install/turtlesim/include/turtlesim/turtlesim/srv/spawn.hpp
[20.672s] -- Installing: /home/shrey/workspace/Inf2_MCT_Prak/INTP/ros2_ws/install/turtlesim/include/turtlesim/turtlesim/srv/kill.hpp
[20.672s] -- Up-to-date: /home/shrey/workspace/Inf2_MCT_Prak/INTP/ros2_ws/install/turtlesim/include/turtlesim/turtlesim/srv/detail
[20.672s] -- Installing: /home/shrey/workspace/Inf2_MCT_Prak/INTP/ros2_ws/install/turtlesim/include/turtlesim/turtlesim/srv/detail/teleport_relative__type_support.hpp
[20.672s] -- Installing: /home/shrey/workspace/Inf2_MCT_Prak/INTP/ros2_ws/install/turtlesim/include/turtlesim/turtlesim/srv/detail/spawn__traits.hpp
[20.673s] -- Installing: /home/shrey/workspace/Inf2_MCT_Prak/INTP/ros2_ws/install/turtlesim/include/turtlesim/turtlesim/srv/detail/spawn__builder.hpp
[20.673s] -- Installing: /home/shrey/workspace/Inf2_MCT_Prak/INTP/ros2_ws/install/turtlesim/include/turtlesim/turtlesim/srv/detail/teleport_relative__struct.hpp
[20.673s] -- Installing: /home/shrey/workspace/Inf2_MCT_Prak/INTP/ros2_ws/install/turtlesim/include/turtlesim/turtlesim/srv/detail/kill__struct.hpp
[20.673s] -- Installing: /home/shrey/workspace/Inf2_MCT_Prak/INTP/ros2_ws/install/turtlesim/include/turtlesim/turtlesim/srv/detail/set_pen__type_support.hpp
[20.673s] -- Installing: /home/shrey/workspace/Inf2_MCT_Prak/INTP/ros2_ws/install/turtlesim/include/turtlesim/turtlesim/srv/detail/teleport_absolute__builder.hpp
[20.673s] -- Installing: /home/shrey/workspace/Inf2_MCT_Prak/INTP/ros2_ws/install/turtlesim/include/turtlesim/turtlesim/srv/detail/kill__type_support.hpp
[20.673s] -- Installing: /home/shrey/workspace/Inf2_MCT_Prak/INTP/ros2_ws/install/turtlesim/include/turtlesim/turtlesim/srv/detail/teleport_absolute__traits.hpp
[20.673s] -- Installing: /home/shrey/workspace/Inf2_MCT_Prak/INTP/ros2_ws/install/turtlesim/include/turtlesim/turtlesim/srv/detail/set_pen__struct.hpp
[20.673s] -- Installing: /home/shrey/workspace/Inf2_MCT_Prak/INTP/ros2_ws/install/turtlesim/include/turtlesim/turtlesim/srv/detail/kill__traits.hpp
[20.674s] -- Installing: /home/shrey/workspace/Inf2_MCT_Prak/INTP/ros2_ws/install/turtlesim/include/turtlesim/turtlesim/srv/detail/kill__builder.hpp
[20.674s] -- Installing: /home/shrey/workspace/Inf2_MCT_Prak/INTP/ros2_ws/install/turtlesim/include/turtlesim/turtlesim/srv/detail/spawn__struct.hpp
[20.674s] -- Installing: /home/shrey/workspace/Inf2_MCT_Prak/INTP/ros2_ws/install/turtlesim/include/turtlesim/turtlesim/srv/detail/set_pen__traits.hpp
[20.674s] -- Installing: /home/shrey/workspace/Inf2_MCT_Prak/INTP/ros2_ws/install/turtlesim/include/turtlesim/turtlesim/srv/detail/teleport_relative__traits.hpp
[20.674s] -- Installing: /home/shrey/workspace/Inf2_MCT_Prak/INTP/ros2_ws/install/turtlesim/include/turtlesim/turtlesim/srv/detail/spawn__type_support.hpp
[20.674s] -- Installing: /home/shrey/workspace/Inf2_MCT_Prak/INTP/ros2_ws/install/turtlesim/include/turtlesim/turtlesim/srv/detail/teleport_absolute__type_support.hpp
[20.674s] -- Installing: /home/shrey/workspace/Inf2_MCT_Prak/INTP/ros2_ws/install/turtlesim/include/turtlesim/turtlesim/srv/detail/teleport_relative__builder.hpp
[20.674s] -- Installing: /home/shrey/workspace/Inf2_MCT_Prak/INTP/ros2_ws/install/turtlesim/include/turtlesim/turtlesim/srv/detail/teleport_absolute__struct.hpp
[20.674s] -- Installing: /home/shrey/workspace/Inf2_MCT_Prak/INTP/ros2_ws/install/turtlesim/include/turtlesim/turtlesim/srv/detail/set_pen__builder.hpp
[20.674s] -- Up-to-date: /home/shrey/workspace/Inf2_MCT_Prak/INTP/ros2_ws/install/turtlesim/include/turtlesim/turtlesim/msg
[20.675s] -- Installing: /home/shrey/workspace/Inf2_MCT_Prak/INTP/ros2_ws/install/turtlesim/include/turtlesim/turtlesim/msg/pose.hpp
[20.675s] -- Installing: /home/shrey/workspace/Inf2_MCT_Prak/INTP/ros2_ws/install/turtlesim/include/turtlesim/turtlesim/msg/rosidl_generator_cpp__visibility_control.hpp
[20.675s] -- Up-to-date: /home/shrey/workspace/Inf2_MCT_Prak/INTP/ros2_ws/install/turtlesim/include/turtlesim/turtlesim/msg/detail
[20.675s] -- Installing: /home/shrey/workspace/Inf2_MCT_Prak/INTP/ros2_ws/install/turtlesim/include/turtlesim/turtlesim/msg/detail/pose__type_support.hpp
[20.675s] -- Installing: /home/shrey/workspace/Inf2_MCT_Prak/INTP/ros2_ws/install/turtlesim/include/turtlesim/turtlesim/msg/detail/pose__traits.hpp
[20.675s] -- Installing: /home/shrey/workspace/Inf2_MCT_Prak/INTP/ros2_ws/install/turtlesim/include/turtlesim/turtlesim/msg/detail/pose__builder.hpp
[20.675s] -- Installing: /home/shrey/workspace/Inf2_MCT_Prak/INTP/ros2_ws/install/turtlesim/include/turtlesim/turtlesim/msg/detail/color__struct.hpp
[20.675s] -- Installing: /home/shrey/workspace/Inf2_MCT_Prak/INTP/ros2_ws/install/turtlesim/include/turtlesim/turtlesim/msg/detail/color__type_support.hpp
[20.675s] -- Installing: /home/shrey/workspace/Inf2_MCT_Prak/INTP/ros2_ws/install/turtlesim/include/turtlesim/turtlesim/msg/detail/color__traits.hpp
[20.675s] -- Installing: /home/shrey/workspace/Inf2_MCT_Prak/INTP/ros2_ws/install/turtlesim/include/turtlesim/turtlesim/msg/detail/pose__struct.hpp
[20.676s] -- Installing: /home/shrey/workspace/Inf2_MCT_Prak/INTP/ros2_ws/install/turtlesim/include/turtlesim/turtlesim/msg/detail/color__builder.hpp
[20.676s] -- Installing: /home/shrey/workspace/Inf2_MCT_Prak/INTP/ros2_ws/install/turtlesim/include/turtlesim/turtlesim/msg/color.hpp
[20.676s] -- Up-to-date: /home/shrey/workspace/Inf2_MCT_Prak/INTP/ros2_ws/install/turtlesim/include/turtlesim/turtlesim/action
[20.676s] -- Installing: /home/shrey/workspace/Inf2_MCT_Prak/INTP/ros2_ws/install/turtlesim/include/turtlesim/turtlesim/action/rotate_absolute.hpp
[20.676s] -- Up-to-date: /home/shrey/workspace/Inf2_MCT_Prak/INTP/ros2_ws/install/turtlesim/include/turtlesim/turtlesim/action/detail
[20.676s] -- Installing: /home/shrey/workspace/Inf2_MCT_Prak/INTP/ros2_ws/install/turtlesim/include/turtlesim/turtlesim/action/detail/rotate_absolute__traits.hpp
[20.676s] -- Installing: /home/shrey/workspace/Inf2_MCT_Prak/INTP/ros2_ws/install/turtlesim/include/turtlesim/turtlesim/action/detail/rotate_absolute__struct.hpp
[20.676s] -- Installing: /home/shrey/workspace/Inf2_MCT_Prak/INTP/ros2_ws/install/turtlesim/include/turtlesim/turtlesim/action/detail/rotate_absolute__type_support.hpp
[20.676s] -- Installing: /home/shrey/workspace/Inf2_MCT_Prak/INTP/ros2_ws/install/turtlesim/include/turtlesim/turtlesim/action/detail/rotate_absolute__builder.hpp
[20.676s] -- Up-to-date: /home/shrey/workspace/Inf2_MCT_Prak/INTP/ros2_ws/install/turtlesim/include/turtlesim/turtlesim
[20.676s] -- Up-to-date: /home/shrey/workspace/Inf2_MCT_Prak/INTP/ros2_ws/install/turtlesim/include/turtlesim/turtlesim/srv
[20.677s] -- Up-to-date: /home/shrey/workspace/Inf2_MCT_Prak/INTP/ros2_ws/install/turtlesim/include/turtlesim/turtlesim/srv/detail
[20.677s] -- Installing: /home/shrey/workspace/Inf2_MCT_Prak/INTP/ros2_ws/install/turtlesim/include/turtlesim/turtlesim/srv/detail/spawn__rosidl_typesupport_fastrtps_cpp.hpp
[20.677s] -- Installing: /home/shrey/workspace/Inf2_MCT_Prak/INTP/ros2_ws/install/turtlesim/include/turtlesim/turtlesim/srv/detail/teleport_relative__rosidl_typesupport_fastrtps_cpp.hpp
[20.677s] -- Installing: /home/shrey/workspace/Inf2_MCT_Prak/INTP/ros2_ws/install/turtlesim/include/turtlesim/turtlesim/srv/detail/teleport_absolute__rosidl_typesupport_fastrtps_cpp.hpp
[20.677s] -- Installing: /home/shrey/workspace/Inf2_MCT_Prak/INTP/ros2_ws/install/turtlesim/include/turtlesim/turtlesim/srv/detail/dds_fastrtps
[20.677s] -- Installing: /home/shrey/workspace/Inf2_MCT_Prak/INTP/ros2_ws/install/turtlesim/include/turtlesim/turtlesim/srv/detail/set_pen__rosidl_typesupport_fastrtps_cpp.hpp
[20.677s] -- Installing: /home/shrey/workspace/Inf2_MCT_Prak/INTP/ros2_ws/install/turtlesim/include/turtlesim/turtlesim/srv/detail/kill__rosidl_typesupport_fastrtps_cpp.hpp
[20.677s] -- Up-to-date: /home/shrey/workspace/Inf2_MCT_Prak/INTP/ros2_ws/install/turtlesim/include/turtlesim/turtlesim/msg
[20.677s] -- Installing: /home/shrey/workspace/Inf2_MCT_Prak/INTP/ros2_ws/install/turtlesim/include/turtlesim/turtlesim/msg/rosidl_typesupport_fastrtps_cpp__visibility_control.h
[20.678s] -- Up-to-date: /home/shrey/workspace/Inf2_MCT_Prak/INTP/ros2_ws/install/turtlesim/include/turtlesim/turtlesim/msg/detail
[20.678s] -- Installing: /home/shrey/workspace/Inf2_MCT_Prak/INTP/ros2_ws/install/turtlesim/include/turtlesim/turtlesim/msg/detail/pose__rosidl_typesupport_fastrtps_cpp.hpp
[20.678s] -- Installing: /home/shrey/workspace/Inf2_MCT_Prak/INTP/ros2_ws/install/turtlesim/include/turtlesim/turtlesim/msg/detail/dds_fastrtps
[20.678s] -- Installing: /home/shrey/workspace/Inf2_MCT_Prak/INTP/ros2_ws/install/turtlesim/include/turtlesim/turtlesim/msg/detail/color__rosidl_typesupport_fastrtps_cpp.hpp
[20.678s] -- Up-to-date: /home/shrey/workspace/Inf2_MCT_Prak/INTP/ros2_ws/install/turtlesim/include/turtlesim/turtlesim/action
[20.678s] -- Up-to-date: /home/shrey/workspace/Inf2_MCT_Prak/INTP/ros2_ws/install/turtlesim/include/turtlesim/turtlesim/action/detail
[20.678s] -- Installing: /home/shrey/workspace/Inf2_MCT_Prak/INTP/ros2_ws/install/turtlesim/include/turtlesim/turtlesim/action/detail/rotate_absolute__rosidl_typesupport_fastrtps_cpp.hpp
[20.678s] -- Installing: /home/shrey/workspace/Inf2_MCT_Prak/INTP/ros2_ws/install/turtlesim/include/turtlesim/turtlesim/action/detail/dds_fastrtps
[20.678s] -- Installing: /home/shrey/workspace/Inf2_MCT_Prak/INTP/ros2_ws/install/turtlesim/lib/libturtlesim__rosidl_typesupport_fastrtps_cpp.so
[20.679s] -- Set non-toolchain portion of runtime path of "/home/shrey/workspace/Inf2_MCT_Prak/INTP/ros2_ws/install/turtlesim/lib/libturtlesim__rosidl_typesupport_fastrtps_cpp.so" to ""
[20.679s] -- Up-to-date: /home/shrey/workspace/Inf2_MCT_Prak/INTP/ros2_ws/install/turtlesim/include/turtlesim/turtlesim
[20.679s] -- Up-to-date: /home/shrey/workspace/Inf2_MCT_Prak/INTP/ros2_ws/install/turtlesim/include/turtlesim/turtlesim/srv
[20.679s] -- Up-to-date: /home/shrey/workspace/Inf2_MCT_Prak/INTP/ros2_ws/install/turtlesim/include/turtlesim/turtlesim/srv/detail
[20.679s] -- Installing: /home/shrey/workspace/Inf2_MCT_Prak/INTP/ros2_ws/install/turtlesim/include/turtlesim/turtlesim/srv/detail/set_pen__type_support.c
[20.679s] -- Installing: /home/shrey/workspace/Inf2_MCT_Prak/INTP/ros2_ws/install/turtlesim/include/turtlesim/turtlesim/srv/detail/kill__rosidl_typesupport_introspection_c.h
[20.679s] -- Installing: /home/shrey/workspace/Inf2_MCT_Prak/INTP/ros2_ws/install/turtlesim/include/turtlesim/turtlesim/srv/detail/teleport_absolute__rosidl_typesupport_introspection_c.h
[20.679s] -- Installing: /home/shrey/workspace/Inf2_MCT_Prak/INTP/ros2_ws/install/turtlesim/include/turtlesim/turtlesim/srv/detail/spawn__type_support.c
[20.679s] -- Installing: /home/shrey/workspace/Inf2_MCT_Prak/INTP/ros2_ws/install/turtlesim/include/turtlesim/turtlesim/srv/detail/set_pen__rosidl_typesupport_introspection_c.h
[20.680s] -- Installing: /home/shrey/workspace/Inf2_MCT_Prak/INTP/ros2_ws/install/turtlesim/include/turtlesim/turtlesim/srv/detail/teleport_absolute__type_support.c
[20.680s] -- Installing: /home/shrey/workspace/Inf2_MCT_Prak/INTP/ros2_ws/install/turtlesim/include/turtlesim/turtlesim/srv/detail/teleport_relative__type_support.c
[20.680s] -- Installing: /home/shrey/workspace/Inf2_MCT_Prak/INTP/ros2_ws/install/turtlesim/include/turtlesim/turtlesim/srv/detail/spawn__rosidl_typesupport_introspection_c.h
[20.680s] -- Installing: /home/shrey/workspace/Inf2_MCT_Prak/INTP/ros2_ws/install/turtlesim/include/turtlesim/turtlesim/srv/detail/teleport_relative__rosidl_typesupport_introspection_c.h
[20.680s] -- Installing: /home/shrey/workspace/Inf2_MCT_Prak/INTP/ros2_ws/install/turtlesim/include/turtlesim/turtlesim/srv/detail/kill__type_support.c
[20.680s] -- Up-to-date: /home/shrey/workspace/Inf2_MCT_Prak/INTP/ros2_ws/install/turtlesim/include/turtlesim/turtlesim/msg
[20.681s] -- Installing: /home/shrey/workspace/Inf2_MCT_Prak/INTP/ros2_ws/install/turtlesim/include/turtlesim/turtlesim/msg/rosidl_typesupport_introspection_c__visibility_control.h
[20.681s] -- Up-to-date: /home/shrey/workspace/Inf2_MCT_Prak/INTP/ros2_ws/install/turtlesim/include/turtlesim/turtlesim/msg/detail
[20.681s] -- Installing: /home/shrey/workspace/Inf2_MCT_Prak/INTP/ros2_ws/install/turtlesim/include/turtlesim/turtlesim/msg/detail/color__type_support.c
[20.681s] -- Installing: /home/shrey/workspace/Inf2_MCT_Prak/INTP/ros2_ws/install/turtlesim/include/turtlesim/turtlesim/msg/detail/pose__rosidl_typesupport_introspection_c.h
[20.681s] -- Installing: /home/shrey/workspace/Inf2_MCT_Prak/INTP/ros2_ws/install/turtlesim/include/turtlesim/turtlesim/msg/detail/color__rosidl_typesupport_introspection_c.h
[20.681s] -- Installing: /home/shrey/workspace/Inf2_MCT_Prak/INTP/ros2_ws/install/turtlesim/include/turtlesim/turtlesim/msg/detail/pose__type_support.c
[20.681s] -- Up-to-date: /home/shrey/workspace/Inf2_MCT_Prak/INTP/ros2_ws/install/turtlesim/include/turtlesim/turtlesim/action
[20.681s] -- Up-to-date: /home/shrey/workspace/Inf2_MCT_Prak/INTP/ros2_ws/install/turtlesim/include/turtlesim/turtlesim/action/detail
[20.681s] -- Installing: /home/shrey/workspace/Inf2_MCT_Prak/INTP/ros2_ws/install/turtlesim/include/turtlesim/turtlesim/action/detail/rotate_absolute__type_support.c
[20.682s] -- Installing: /home/shrey/workspace/Inf2_MCT_Prak/INTP/ros2_ws/install/turtlesim/include/turtlesim/turtlesim/action/detail/rotate_absolute__rosidl_typesupport_introspection_c.h
[20.682s] -- Installing: /home/shrey/workspace/Inf2_MCT_Prak/INTP/ros2_ws/install/turtlesim/lib/libturtlesim__rosidl_typesupport_introspection_c.so
[20.682s] -- Set non-toolchain portion of runtime path of "/home/shrey/workspace/Inf2_MCT_Prak/INTP/ros2_ws/install/turtlesim/lib/libturtlesim__rosidl_typesupport_introspection_c.so" to ""
[20.682s] -- Installing: /home/shrey/workspace/Inf2_MCT_Prak/INTP/ros2_ws/install/turtlesim/lib/libturtlesim__rosidl_typesupport_c.so
[20.682s] -- Set non-toolchain portion of runtime path of "/home/shrey/workspace/Inf2_MCT_Prak/INTP/ros2_ws/install/turtlesim/lib/libturtlesim__rosidl_typesupport_c.so" to ""
[20.682s] -- Up-to-date: /home/shrey/workspace/Inf2_MCT_Prak/INTP/ros2_ws/install/turtlesim/include/turtlesim/turtlesim
[20.682s] -- Up-to-date: /home/shrey/workspace/Inf2_MCT_Prak/INTP/ros2_ws/install/turtlesim/include/turtlesim/turtlesim/srv
[20.682s] -- Up-to-date: /home/shrey/workspace/Inf2_MCT_Prak/INTP/ros2_ws/install/turtlesim/include/turtlesim/turtlesim/srv/detail
[20.682s] -- Installing: /home/shrey/workspace/Inf2_MCT_Prak/INTP/ros2_ws/install/turtlesim/include/turtlesim/turtlesim/srv/detail/kill__type_support.cpp
[20.682s] -- Installing: /home/shrey/workspace/Inf2_MCT_Prak/INTP/ros2_ws/install/turtlesim/include/turtlesim/turtlesim/srv/detail/set_pen__type_support.cpp
[20.682s] -- Installing: /home/shrey/workspace/Inf2_MCT_Prak/INTP/ros2_ws/install/turtlesim/include/turtlesim/turtlesim/srv/detail/spawn__type_support.cpp
[20.682s] -- Installing: /home/shrey/workspace/Inf2_MCT_Prak/INTP/ros2_ws/install/turtlesim/include/turtlesim/turtlesim/srv/detail/teleport_relative__type_support.cpp
[20.682s] -- Installing: /home/shrey/workspace/Inf2_MCT_Prak/INTP/ros2_ws/install/turtlesim/include/turtlesim/turtlesim/srv/detail/teleport_absolute__type_support.cpp
[20.682s] -- Installing: /home/shrey/workspace/Inf2_MCT_Prak/INTP/ros2_ws/install/turtlesim/include/turtlesim/turtlesim/srv/detail/teleport_absolute__rosidl_typesupport_introspection_cpp.hpp
[20.682s] -- Installing: /home/shrey/workspace/Inf2_MCT_Prak/INTP/ros2_ws/install/turtlesim/include/turtlesim/turtlesim/srv/detail/set_pen__rosidl_typesupport_introspection_cpp.hpp
[20.682s] -- Installing: /home/shrey/workspace/Inf2_MCT_Prak/INTP/ros2_ws/install/turtlesim/include/turtlesim/turtlesim/srv/detail/kill__rosidl_typesupport_introspection_cpp.hpp
[20.682s] -- Installing: /home/shrey/workspace/Inf2_MCT_Prak/INTP/ros2_ws/install/turtlesim/include/turtlesim/turtlesim/srv/detail/spawn__rosidl_typesupport_introspection_cpp.hpp
[20.682s] -- Installing: /home/shrey/workspace/Inf2_MCT_Prak/INTP/ros2_ws/install/turtlesim/include/turtlesim/turtlesim/srv/detail/teleport_relative__rosidl_typesupport_introspection_cpp.hpp
[20.682s] -- Up-to-date: /home/shrey/workspace/Inf2_MCT_Prak/INTP/ros2_ws/install/turtlesim/include/turtlesim/turtlesim/msg
[20.682s] -- Up-to-date: /home/shrey/workspace/Inf2_MCT_Prak/INTP/ros2_ws/install/turtlesim/include/turtlesim/turtlesim/msg/detail
[20.683s] -- Installing: /home/shrey/workspace/Inf2_MCT_Prak/INTP/ros2_ws/install/turtlesim/include/turtlesim/turtlesim/msg/detail/color__rosidl_typesupport_introspection_cpp.hpp
[20.683s] -- Installing: /home/shrey/workspace/Inf2_MCT_Prak/INTP/ros2_ws/install/turtlesim/include/turtlesim/turtlesim/msg/detail/pose__rosidl_typesupport_introspection_cpp.hpp
[20.683s] -- Installing: /home/shrey/workspace/Inf2_MCT_Prak/INTP/ros2_ws/install/turtlesim/include/turtlesim/turtlesim/msg/detail/color__type_support.cpp
[20.683s] -- Installing: /home/shrey/workspace/Inf2_MCT_Prak/INTP/ros2_ws/install/turtlesim/include/turtlesim/turtlesim/msg/detail/pose__type_support.cpp
[20.683s] -- Up-to-date: /home/shrey/workspace/Inf2_MCT_Prak/INTP/ros2_ws/install/turtlesim/include/turtlesim/turtlesim/action
[20.683s] -- Up-to-date: /home/shrey/workspace/Inf2_MCT_Prak/INTP/ros2_ws/install/turtlesim/include/turtlesim/turtlesim/action/detail
[20.683s] -- Installing: /home/shrey/workspace/Inf2_MCT_Prak/INTP/ros2_ws/install/turtlesim/include/turtlesim/turtlesim/action/detail/rotate_absolute__rosidl_typesupport_introspection_cpp.hpp
[20.683s] -- Installing: /home/shrey/workspace/Inf2_MCT_Prak/INTP/ros2_ws/install/turtlesim/include/turtlesim/turtlesim/action/detail/rotate_absolute__type_support.cpp
[20.683s] -- Installing: /home/shrey/workspace/Inf2_MCT_Prak/INTP/ros2_ws/install/turtlesim/lib/libturtlesim__rosidl_typesupport_introspection_cpp.so
[20.683s] -- Set non-toolchain portion of runtime path of "/home/shrey/workspace/Inf2_MCT_Prak/INTP/ros2_ws/install/turtlesim/lib/libturtlesim__rosidl_typesupport_introspection_cpp.so" to ""
[20.683s] -- Installing: /home/shrey/workspace/Inf2_MCT_Prak/INTP/ros2_ws/install/turtlesim/lib/libturtlesim__rosidl_typesupport_cpp.so
[20.683s] -- Set non-toolchain portion of runtime path of "/home/shrey/workspace/Inf2_MCT_Prak/INTP/ros2_ws/install/turtlesim/lib/libturtlesim__rosidl_typesupport_cpp.so" to ""
[20.683s] -- Installing: /home/shrey/workspace/Inf2_MCT_Prak/INTP/ros2_ws/install/turtlesim/share/turtlesim/environment/pythonpath.sh
[20.683s] -- Installing: /home/shrey/workspace/Inf2_MCT_Prak/INTP/ros2_ws/install/turtlesim/share/turtlesim/environment/pythonpath.dsv
[20.683s] -- Installing: /home/shrey/workspace/Inf2_MCT_Prak/INTP/ros2_ws/install/turtlesim/lib/python3.12/site-packages/turtlesim-1.8.3-py3.12.egg-info
[20.683s] -- Installing: /home/shrey/workspace/Inf2_MCT_Prak/INTP/ros2_ws/install/turtlesim/lib/python3.12/site-packages/turtlesim-1.8.3-py3.12.egg-info/top_level.txt
[20.683s] -- Installing: /home/shrey/workspace/Inf2_MCT_Prak/INTP/ros2_ws/install/turtlesim/lib/python3.12/site-packages/turtlesim-1.8.3-py3.12.egg-info/dependency_links.txt
[20.683s] -- Installing: /home/shrey/workspace/Inf2_MCT_Prak/INTP/ros2_ws/install/turtlesim/lib/python3.12/site-packages/turtlesim-1.8.3-py3.12.egg-info/SOURCES.txt
[20.683s] -- Installing: /home/shrey/workspace/Inf2_MCT_Prak/INTP/ros2_ws/install/turtlesim/lib/python3.12/site-packages/turtlesim-1.8.3-py3.12.egg-info/PKG-INFO
[20.683s] -- Installing: /home/shrey/workspace/Inf2_MCT_Prak/INTP/ros2_ws/install/turtlesim/lib/python3.12/site-packages/turtlesim
[20.683s] -- Installing: /home/shrey/workspace/Inf2_MCT_Prak/INTP/ros2_ws/install/turtlesim/lib/python3.12/site-packages/turtlesim/srv
[20.683s] -- Installing: /home/shrey/workspace/Inf2_MCT_Prak/INTP/ros2_ws/install/turtlesim/lib/python3.12/site-packages/turtlesim/srv/_spawn.py
[20.684s] -- Installing: /home/shrey/workspace/Inf2_MCT_Prak/INTP/ros2_ws/install/turtlesim/lib/python3.12/site-packages/turtlesim/srv/_spawn_s.c
[20.684s] -- Installing: /home/shrey/workspace/Inf2_MCT_Prak/INTP/ros2_ws/install/turtlesim/lib/python3.12/site-packages/turtlesim/srv/_teleport_absolute_s.c
[20.684s] -- Installing: /home/shrey/workspace/Inf2_MCT_Prak/INTP/ros2_ws/install/turtlesim/lib/python3.12/site-packages/turtlesim/srv/_set_pen_s.c
[20.684s] -- Installing: /home/shrey/workspace/Inf2_MCT_Prak/INTP/ros2_ws/install/turtlesim/lib/python3.12/site-packages/turtlesim/srv/_teleport_relative.py
[20.684s] -- Installing: /home/shrey/workspace/Inf2_MCT_Prak/INTP/ros2_ws/install/turtlesim/lib/python3.12/site-packages/turtlesim/srv/_teleport_relative_s.c
[20.684s] -- Installing: /home/shrey/workspace/Inf2_MCT_Prak/INTP/ros2_ws/install/turtlesim/lib/python3.12/site-packages/turtlesim/srv/_kill_s.c
[20.684s] -- Installing: /home/shrey/workspace/Inf2_MCT_Prak/INTP/ros2_ws/install/turtlesim/lib/python3.12/site-packages/turtlesim/srv/_kill.py
[20.684s] -- Installing: /home/shrey/workspace/Inf2_MCT_Prak/INTP/ros2_ws/install/turtlesim/lib/python3.12/site-packages/turtlesim/srv/_set_pen.py
[20.684s] -- Installing: /home/shrey/workspace/Inf2_MCT_Prak/INTP/ros2_ws/install/turtlesim/lib/python3.12/site-packages/turtlesim/srv/_teleport_absolute.py
[20.684s] -- Installing: /home/shrey/workspace/Inf2_MCT_Prak/INTP/ros2_ws/install/turtlesim/lib/python3.12/site-packages/turtlesim/srv/__init__.py
[20.684s] -- Installing: /home/shrey/workspace/Inf2_MCT_Prak/INTP/ros2_ws/install/turtlesim/lib/python3.12/site-packages/turtlesim/turtlesim_s__rosidl_typesupport_c.so
[20.684s] -- Installing: /home/shrey/workspace/Inf2_MCT_Prak/INTP/ros2_ws/install/turtlesim/lib/python3.12/site-packages/turtlesim/turtlesim_s__rosidl_typesupport_introspection_c.so
[20.684s] -- Installing: /home/shrey/workspace/Inf2_MCT_Prak/INTP/ros2_ws/install/turtlesim/lib/python3.12/site-packages/turtlesim/_turtlesim_s.ep.rosidl_typesupport_c.c
[20.684s] -- Installing: /home/shrey/workspace/Inf2_MCT_Prak/INTP/ros2_ws/install/turtlesim/lib/python3.12/site-packages/turtlesim/_turtlesim_s.ep.rosidl_typesupport_introspection_c.c
[20.684s] -- Installing: /home/shrey/workspace/Inf2_MCT_Prak/INTP/ros2_ws/install/turtlesim/lib/python3.12/site-packages/turtlesim/turtlesim_s__rosidl_typesupport_fastrtps_c.so
[20.684s] -- Installing: /home/shrey/workspace/Inf2_MCT_Prak/INTP/ros2_ws/install/turtlesim/lib/python3.12/site-packages/turtlesim/_turtlesim_s.ep.rosidl_typesupport_fastrtps_c.c
[20.684s] -- Installing: /home/shrey/workspace/Inf2_MCT_Prak/INTP/ros2_ws/install/turtlesim/lib/python3.12/site-packages/turtlesim/msg
[20.684s] -- Installing: /home/shrey/workspace/Inf2_MCT_Prak/INTP/ros2_ws/install/turtlesim/lib/python3.12/site-packages/turtlesim/msg/_pose_s.c
[20.684s] -- Installing: /home/shrey/workspace/Inf2_MCT_Prak/INTP/ros2_ws/install/turtlesim/lib/python3.12/site-packages/turtlesim/msg/_color.py
[20.685s] -- Installing: /home/shrey/workspace/Inf2_MCT_Prak/INTP/ros2_ws/install/turtlesim/lib/python3.12/site-packages/turtlesim/msg/_pose.py
[20.685s] -- Installing: /home/shrey/workspace/Inf2_MCT_Prak/INTP/ros2_ws/install/turtlesim/lib/python3.12/site-packages/turtlesim/msg/_color_s.c
[20.685s] -- Installing: /home/shrey/workspace/Inf2_MCT_Prak/INTP/ros2_ws/install/turtlesim/lib/python3.12/site-packages/turtlesim/msg/__init__.py
[20.685s] -- Installing: /home/shrey/workspace/Inf2_MCT_Prak/INTP/ros2_ws/install/turtlesim/lib/python3.12/site-packages/turtlesim/__init__.py
[20.685s] -- Installing: /home/shrey/workspace/Inf2_MCT_Prak/INTP/ros2_ws/install/turtlesim/lib/python3.12/site-packages/turtlesim/action
[20.685s] -- Installing: /home/shrey/workspace/Inf2_MCT_Prak/INTP/ros2_ws/install/turtlesim/lib/python3.12/site-packages/turtlesim/action/_rotate_absolute.py
[20.685s] -- Installing: /home/shrey/workspace/Inf2_MCT_Prak/INTP/ros2_ws/install/turtlesim/lib/python3.12/site-packages/turtlesim/action/_rotate_absolute_s.c
[20.685s] -- Installing: /home/shrey/workspace/Inf2_MCT_Prak/INTP/ros2_ws/install/turtlesim/lib/python3.12/site-packages/turtlesim/action/__init__.py
[20.728s] Listing '/home/shrey/workspace/Inf2_MCT_Prak/INTP/ros2_ws/install/turtlesim/lib/python3.12/site-packages/turtlesim'...
[20.728s] Compiling '/home/shrey/workspace/Inf2_MCT_Prak/INTP/ros2_ws/install/turtlesim/lib/python3.12/site-packages/turtlesim/__init__.py'...
[20.728s] Listing '/home/shrey/workspace/Inf2_MCT_Prak/INTP/ros2_ws/install/turtlesim/lib/python3.12/site-packages/turtlesim/action'...
[20.728s] Compiling '/home/shrey/workspace/Inf2_MCT_Prak/INTP/ros2_ws/install/turtlesim/lib/python3.12/site-packages/turtlesim/action/__init__.py'...
[20.728s] Compiling '/home/shrey/workspace/Inf2_MCT_Prak/INTP/ros2_ws/install/turtlesim/lib/python3.12/site-packages/turtlesim/action/_rotate_absolute.py'...
[20.729s] Listing '/home/shrey/workspace/Inf2_MCT_Prak/INTP/ros2_ws/install/turtlesim/lib/python3.12/site-packages/turtlesim/msg'...
[20.729s] Compiling '/home/shrey/workspace/Inf2_MCT_Prak/INTP/ros2_ws/install/turtlesim/lib/python3.12/site-packages/turtlesim/msg/__init__.py'...
[20.729s] Compiling '/home/shrey/workspace/Inf2_MCT_Prak/INTP/ros2_ws/install/turtlesim/lib/python3.12/site-packages/turtlesim/msg/_color.py'...
[20.729s] Compiling '/home/shrey/workspace/Inf2_MCT_Prak/INTP/ros2_ws/install/turtlesim/lib/python3.12/site-packages/turtlesim/msg/_pose.py'...
[20.729s] Listing '/home/shrey/workspace/Inf2_MCT_Prak/INTP/ros2_ws/install/turtlesim/lib/python3.12/site-packages/turtlesim/srv'...
[20.729s] Compiling '/home/shrey/workspace/Inf2_MCT_Prak/INTP/ros2_ws/install/turtlesim/lib/python3.12/site-packages/turtlesim/srv/__init__.py'...
[20.729s] Compiling '/home/shrey/workspace/Inf2_MCT_Prak/INTP/ros2_ws/install/turtlesim/lib/python3.12/site-packages/turtlesim/srv/_kill.py'...
[20.729s] Compiling '/home/shrey/workspace/Inf2_MCT_Prak/INTP/ros2_ws/install/turtlesim/lib/python3.12/site-packages/turtlesim/srv/_set_pen.py'...
[20.729s] Compiling '/home/shrey/workspace/Inf2_MCT_Prak/INTP/ros2_ws/install/turtlesim/lib/python3.12/site-packages/turtlesim/srv/_spawn.py'...
[20.729s] Compiling '/home/shrey/workspace/Inf2_MCT_Prak/INTP/ros2_ws/install/turtlesim/lib/python3.12/site-packages/turtlesim/srv/_teleport_absolute.py'...
[20.729s] Compiling '/home/shrey/workspace/Inf2_MCT_Prak/INTP/ros2_ws/install/turtlesim/lib/python3.12/site-packages/turtlesim/srv/_teleport_relative.py'...
[20.732s] -- Installing: /home/shrey/workspace/Inf2_MCT_Prak/INTP/ros2_ws/install/turtlesim/lib/python3.12/site-packages/turtlesim/turtlesim_s__rosidl_typesupport_fastrtps_c.so
[20.732s] -- Set non-toolchain portion of runtime path of "/home/shrey/workspace/Inf2_MCT_Prak/INTP/ros2_ws/install/turtlesim/lib/python3.12/site-packages/turtlesim/turtlesim_s__rosidl_typesupport_fastrtps_c.so" to ""
[20.732s] -- Installing: /home/shrey/workspace/Inf2_MCT_Prak/INTP/ros2_ws/install/turtlesim/lib/python3.12/site-packages/turtlesim/turtlesim_s__rosidl_typesupport_introspection_c.so
[20.733s] -- Set non-toolchain portion of runtime path of "/home/shrey/workspace/Inf2_MCT_Prak/INTP/ros2_ws/install/turtlesim/lib/python3.12/site-packages/turtlesim/turtlesim_s__rosidl_typesupport_introspection_c.so" to ""
[20.733s] -- Installing: /home/shrey/workspace/Inf2_MCT_Prak/INTP/ros2_ws/install/turtlesim/lib/python3.12/site-packages/turtlesim/turtlesim_s__rosidl_typesupport_c.so
[20.733s] -- Set non-toolchain portion of runtime path of "/home/shrey/workspace/Inf2_MCT_Prak/INTP/ros2_ws/install/turtlesim/lib/python3.12/site-packages/turtlesim/turtlesim_s__rosidl_typesupport_c.so" to ""
[20.733s] -- Installing: /home/shrey/workspace/Inf2_MCT_Prak/INTP/ros2_ws/install/turtlesim/lib/libturtlesim__rosidl_generator_py.so
[20.733s] -- Set non-toolchain portion of runtime path of "/home/shrey/workspace/Inf2_MCT_Prak/INTP/ros2_ws/install/turtlesim/lib/libturtlesim__rosidl_generator_py.so" to ""
[20.733s] -- Installing: /home/shrey/workspace/Inf2_MCT_Prak/INTP/ros2_ws/install/turtlesim/share/turtlesim/action/RotateAbsolute.idl
[20.733s] -- Installing: /home/shrey/workspace/Inf2_MCT_Prak/INTP/ros2_ws/install/turtlesim/share/turtlesim/msg/Color.idl
[20.734s] -- Installing: /home/shrey/workspace/Inf2_MCT_Prak/INTP/ros2_ws/install/turtlesim/share/turtlesim/msg/Pose.idl
[20.734s] -- Installing: /home/shrey/workspace/Inf2_MCT_Prak/INTP/ros2_ws/install/turtlesim/share/turtlesim/srv/Kill.idl
[20.734s] -- Installing: /home/shrey/workspace/Inf2_MCT_Prak/INTP/ros2_ws/install/turtlesim/share/turtlesim/srv/SetPen.idl
[20.734s] -- Installing: /home/shrey/workspace/Inf2_MCT_Prak/INTP/ros2_ws/install/turtlesim/share/turtlesim/srv/Spawn.idl
[20.734s] -- Installing: /home/shrey/workspace/Inf2_MCT_Prak/INTP/ros2_ws/install/turtlesim/share/turtlesim/srv/TeleportAbsolute.idl
[20.734s] -- Installing: /home/shrey/workspace/Inf2_MCT_Prak/INTP/ros2_ws/install/turtlesim/share/turtlesim/srv/TeleportRelative.idl
[20.734s] -- Installing: /home/shrey/workspace/Inf2_MCT_Prak/INTP/ros2_ws/install/turtlesim/share/turtlesim/action/RotateAbsolute.action
[20.734s] -- Installing: /home/shrey/workspace/Inf2_MCT_Prak/INTP/ros2_ws/install/turtlesim/share/turtlesim/msg/Color.msg
[20.734s] -- Installing: /home/shrey/workspace/Inf2_MCT_Prak/INTP/ros2_ws/install/turtlesim/share/turtlesim/msg/Pose.msg
[20.734s] -- Installing: /home/shrey/workspace/Inf2_MCT_Prak/INTP/ros2_ws/install/turtlesim/share/turtlesim/srv/Kill.srv
[20.734s] -- Installing: /home/shrey/workspace/Inf2_MCT_Prak/INTP/ros2_ws/install/turtlesim/share/turtlesim/srv/SetPen.srv
[20.735s] -- Installing: /home/shrey/workspace/Inf2_MCT_Prak/INTP/ros2_ws/install/turtlesim/share/turtlesim/srv/Spawn.srv
[20.735s] -- Installing: /home/shrey/workspace/Inf2_MCT_Prak/INTP/ros2_ws/install/turtlesim/share/turtlesim/srv/TeleportAbsolute.srv
[20.735s] -- Installing: /home/shrey/workspace/Inf2_MCT_Prak/INTP/ros2_ws/install/turtlesim/share/turtlesim/srv/TeleportRelative.srv
[20.735s] -- Installing: /home/shrey/workspace/Inf2_MCT_Prak/INTP/ros2_ws/install/turtlesim/lib/turtlesim/turtlesim_node
[20.742s] -- Set non-toolchain portion of runtime path of "/home/shrey/workspace/Inf2_MCT_Prak/INTP/ros2_ws/install/turtlesim/lib/turtlesim/turtlesim_node" to ""
[20.742s] -- Installing: /home/shrey/workspace/Inf2_MCT_Prak/INTP/ros2_ws/install/turtlesim/lib/turtlesim/turtle_teleop_key
[20.744s] -- Set non-toolchain portion of runtime path of "/home/shrey/workspace/Inf2_MCT_Prak/INTP/ros2_ws/install/turtlesim/lib/turtlesim/turtle_teleop_key" to ""
[20.744s] -- Installing: /home/shrey/workspace/Inf2_MCT_Prak/INTP/ros2_ws/install/turtlesim/lib/turtlesim/draw_square
[20.747s] -- Set non-toolchain portion of runtime path of "/home/shrey/workspace/Inf2_MCT_Prak/INTP/ros2_ws/install/turtlesim/lib/turtlesim/draw_square" to ""
[20.747s] -- Installing: /home/shrey/workspace/Inf2_MCT_Prak/INTP/ros2_ws/install/turtlesim/lib/turtlesim/mimic
[20.749s] -- Set non-toolchain portion of runtime path of "/home/shrey/workspace/Inf2_MCT_Prak/INTP/ros2_ws/install/turtlesim/lib/turtlesim/mimic" to ""
[20.750s] -- Installing: /home/shrey/workspace/Inf2_MCT_Prak/INTP/ros2_ws/install/turtlesim/share/turtlesim/images
[20.750s] -- Installing: /home/shrey/workspace/Inf2_MCT_Prak/INTP/ros2_ws/install/turtlesim/share/turtlesim/images/humble.png
[20.750s] -- Installing: /home/shrey/workspace/Inf2_MCT_Prak/INTP/ros2_ws/install/turtlesim/share/turtlesim/images/bouncy.png
[20.750s] -- Installing: /home/shrey/workspace/Inf2_MCT_Prak/INTP/ros2_ws/install/turtlesim/share/turtlesim/images/dashing.png
[20.750s] -- Installing: /home/shrey/workspace/Inf2_MCT_Prak/INTP/ros2_ws/install/turtlesim/share/turtlesim/images/ardent.png
[20.750s] -- Installing: /home/shrey/workspace/Inf2_MCT_Prak/INTP/ros2_ws/install/turtlesim/share/turtlesim/images/foxy.png
[20.750s] -- Installing: /home/shrey/workspace/Inf2_MCT_Prak/INTP/ros2_ws/install/turtlesim/share/turtlesim/images/rolling.png
[20.751s] -- Installing: /home/shrey/workspace/Inf2_MCT_Prak/INTP/ros2_ws/install/turtlesim/share/turtlesim/images/crystal.png
[20.751s] -- Installing: /home/shrey/workspace/Inf2_MCT_Prak/INTP/ros2_ws/install/turtlesim/share/turtlesim/images/eloquent.png
[20.751s] -- Installing: /home/shrey/workspace/Inf2_MCT_Prak/INTP/ros2_ws/install/turtlesim/share/turtlesim/images/jazzy.png
[20.751s] -- Installing: /home/shrey/workspace/Inf2_MCT_Prak/INTP/ros2_ws/install/turtlesim/share/turtlesim/images/galactic.png
[20.751s] -- Installing: /home/shrey/workspace/Inf2_MCT_Prak/INTP/ros2_ws/install/turtlesim/share/turtlesim/images/iron.png
[20.751s] -- Installing: /home/shrey/workspace/Inf2_MCT_Prak/INTP/ros2_ws/install/turtlesim/share/turtlesim/launch
[20.752s] -- Installing: /home/shrey/workspace/Inf2_MCT_Prak/INTP/ros2_ws/install/turtlesim/share/turtlesim/launch/multisim.launch.py
[20.752s] -- Installing: /home/shrey/workspace/Inf2_MCT_Prak/INTP/ros2_ws/install/turtlesim/share/ament_index/resource_index/package_run_dependencies/turtlesim
[20.752s] -- Installing: /home/shrey/workspace/Inf2_MCT_Prak/INTP/ros2_ws/install/turtlesim/share/ament_index/resource_index/parent_prefix_path/turtlesim
[20.752s] -- Installing: /home/shrey/workspace/Inf2_MCT_Prak/INTP/ros2_ws/install/turtlesim/share/turtlesim/environment/ament_prefix_path.sh
[20.752s] -- Installing: /home/shrey/workspace/Inf2_MCT_Prak/INTP/ros2_ws/install/turtlesim/share/turtlesim/environment/ament_prefix_path.dsv
[20.752s] -- Installing: /home/shrey/workspace/Inf2_MCT_Prak/INTP/ros2_ws/install/turtlesim/share/turtlesim/environment/path.sh
[20.752s] -- Installing: /home/shrey/workspace/Inf2_MCT_Prak/INTP/ros2_ws/install/turtlesim/share/turtlesim/environment/path.dsv
[20.752s] -- Installing: /home/shrey/workspace/Inf2_MCT_Prak/INTP/ros2_ws/install/turtlesim/share/turtlesim/local_setup.bash
[20.753s] -- Installing: /home/shrey/workspace/Inf2_MCT_Prak/INTP/ros2_ws/install/turtlesim/share/turtlesim/local_setup.sh
[20.753s] -- Installing: /home/shrey/workspace/Inf2_MCT_Prak/INTP/ros2_ws/install/turtlesim/share/turtlesim/local_setup.zsh
[20.753s] -- Installing: /home/shrey/workspace/Inf2_MCT_Prak/INTP/ros2_ws/install/turtlesim/share/turtlesim/local_setup.dsv
[20.753s] -- Installing: /home/shrey/workspace/Inf2_MCT_Prak/INTP/ros2_ws/install/turtlesim/share/turtlesim/package.dsv
[20.753s] -- Installing: /home/shrey/workspace/Inf2_MCT_Prak/INTP/ros2_ws/install/turtlesim/share/ament_index/resource_index/packages/turtlesim
[20.753s] -- Installing: /home/shrey/workspace/Inf2_MCT_Prak/INTP/ros2_ws/install/turtlesim/share/turtlesim/cmake/export_turtlesim__rosidl_generator_cExport.cmake
[20.753s] -- Installing: /home/shrey/workspace/Inf2_MCT_Prak/INTP/ros2_ws/install/turtlesim/share/turtlesim/cmake/export_turtlesim__rosidl_generator_cExport-noconfig.cmake
[20.753s] -- Installing: /home/shrey/workspace/Inf2_MCT_Prak/INTP/ros2_ws/install/turtlesim/share/turtlesim/cmake/export_turtlesim__rosidl_typesupport_fastrtps_cExport.cmake
[20.754s] -- Installing: /home/shrey/workspace/Inf2_MCT_Prak/INTP/ros2_ws/install/turtlesim/share/turtlesim/cmake/export_turtlesim__rosidl_typesupport_fastrtps_cExport-noconfig.cmake
[20.754s] -- Installing: /home/shrey/workspace/Inf2_MCT_Prak/INTP/ros2_ws/install/turtlesim/share/turtlesim/cmake/export_turtlesim__rosidl_generator_cppExport.cmake
[20.754s] -- Installing: /home/shrey/workspace/Inf2_MCT_Prak/INTP/ros2_ws/install/turtlesim/share/turtlesim/cmake/export_turtlesim__rosidl_typesupport_fastrtps_cppExport.cmake
[20.754s] -- Installing: /home/shrey/workspace/Inf2_MCT_Prak/INTP/ros2_ws/install/turtlesim/share/turtlesim/cmake/export_turtlesim__rosidl_typesupport_fastrtps_cppExport-noconfig.cmake
[20.754s] -- Installing: /home/shrey/workspace/Inf2_MCT_Prak/INTP/ros2_ws/install/turtlesim/share/turtlesim/cmake/turtlesim__rosidl_typesupport_introspection_cExport.cmake
[20.754s] -- Installing: /home/shrey/workspace/Inf2_MCT_Prak/INTP/ros2_ws/install/turtlesim/share/turtlesim/cmake/turtlesim__rosidl_typesupport_introspection_cExport-noconfig.cmake
[20.754s] -- Installing: /home/shrey/workspace/Inf2_MCT_Prak/INTP/ros2_ws/install/turtlesim/share/turtlesim/cmake/turtlesim__rosidl_typesupport_cExport.cmake
[20.754s] -- Installing: /home/shrey/workspace/Inf2_MCT_Prak/INTP/ros2_ws/install/turtlesim/share/turtlesim/cmake/turtlesim__rosidl_typesupport_cExport-noconfig.cmake
[20.754s] -- Installing: /home/shrey/workspace/Inf2_MCT_Prak/INTP/ros2_ws/install/turtlesim/share/turtlesim/cmake/turtlesim__rosidl_typesupport_introspection_cppExport.cmake
[20.755s] -- Installing: /home/shrey/workspace/Inf2_MCT_Prak/INTP/ros2_ws/install/turtlesim/share/turtlesim/cmake/turtlesim__rosidl_typesupport_introspection_cppExport-noconfig.cmake
[20.755s] -- Installing: /home/shrey/workspace/Inf2_MCT_Prak/INTP/ros2_ws/install/turtlesim/share/turtlesim/cmake/turtlesim__rosidl_typesupport_cppExport.cmake
[20.755s] -- Installing: /home/shrey/workspace/Inf2_MCT_Prak/INTP/ros2_ws/install/turtlesim/share/turtlesim/cmake/turtlesim__rosidl_typesupport_cppExport-noconfig.cmake
[20.755s] -- Installing: /home/shrey/workspace/Inf2_MCT_Prak/INTP/ros2_ws/install/turtlesim/share/turtlesim/cmake/export_turtlesim__rosidl_generator_pyExport.cmake
[20.755s] -- Installing: /home/shrey/workspace/Inf2_MCT_Prak/INTP/ros2_ws/install/turtlesim/share/turtlesim/cmake/export_turtlesim__rosidl_generator_pyExport-noconfig.cmake
[20.755s] -- Installing: /home/shrey/workspace/Inf2_MCT_Prak/INTP/ros2_ws/install/turtlesim/share/turtlesim/cmake/rosidl_cmake-extras.cmake
[20.755s] -- Installing: /home/shrey/workspace/Inf2_MCT_Prak/INTP/ros2_ws/install/turtlesim/share/turtlesim/cmake/ament_cmake_export_dependencies-extras.cmake
[20.755s] -- Installing: /home/shrey/workspace/Inf2_MCT_Prak/INTP/ros2_ws/install/turtlesim/share/turtlesim/cmake/ament_cmake_export_include_directories-extras.cmake
[20.756s] -- Installing: /home/shrey/workspace/Inf2_MCT_Prak/INTP/ros2_ws/install/turtlesim/share/turtlesim/cmake/ament_cmake_export_libraries-extras.cmake
[20.756s] -- Installing: /home/shrey/workspace/Inf2_MCT_Prak/INTP/ros2_ws/install/turtlesim/share/turtlesim/cmake/ament_cmake_export_targets-extras.cmake
[20.756s] -- Installing: /home/shrey/workspace/Inf2_MCT_Prak/INTP/ros2_ws/install/turtlesim/share/turtlesim/cmake/rosidl_cmake_export_typesupport_targets-extras.cmake
[20.756s] -- Installing: /home/shrey/workspace/Inf2_MCT_Prak/INTP/ros2_ws/install/turtlesim/share/turtlesim/cmake/rosidl_cmake_export_typesupport_libraries-extras.cmake
[20.756s] -- Installing: /home/shrey/workspace/Inf2_MCT_Prak/INTP/ros2_ws/install/turtlesim/share/turtlesim/cmake/turtlesimConfig.cmake
[20.756s] -- Installing: /home/shrey/workspace/Inf2_MCT_Prak/INTP/ros2_ws/install/turtlesim/share/turtlesim/cmake/turtlesimConfig-version.cmake
[20.756s] -- Installing: /home/shrey/workspace/Inf2_MCT_Prak/INTP/ros2_ws/install/turtlesim/share/turtlesim/package.xml
[20.757s] Invoked command in '/home/shrey/workspace/Inf2_MCT_Prak/INTP/ros2_ws/build/turtlesim' returned '0': CMAKE_PREFIX_PATH=${CMAKE_PREFIX_PATH}:/opt/ros/jazzy DEBUGINFOD_URLS=https://debuginfod.ubuntu.com /usr/bin/cmake --install /home/shrey/workspace/Inf2_MCT_Prak/INTP/ros2_ws/build/turtlesim
